TpTrace Verbose: 0 : 26220, 1, 2024/04/26, 14:59:58.387, 4532807396563, vstest.console.dll, Version: 17.8.0-release-23578-02 Current process architecture: X64
TpTrace Verbose: 0 : 26220, 1, 2024/04/26, 14:59:58.390, 4532807433654, vstest.console.dll, Runtime location: C:\Program Files\dotnet\shared\Microsoft.NETCore.App\8.0.1
TpTrace Verbose: 0 : 26220, 1, 2024/04/26, 14:59:58.394, 4532807468570, vstest.console.dll, ArtifactProcessingPostProcessModeProcessorExecutor.Initialize: ArtifactProcessingMode.Collect
TpTrace Verbose: 0 : 26220, 1, 2024/04/26, 14:59:58.394, 4532807471082, vstest.console.dll, TestSessionCorrelationIdProcessorModeProcessorExecutor.Initialize: TestSessionCorrelationId '9664_cb51b7ba-68cf-4f34-bd2f-fe517d717540'
TpTrace Information: 0 : 26220, 1, 2024/04/26, 14:59:58.403, 4532807563925, vstest.console.dll, FilePatternParser: The given file C:\Users\Леново\Downloads\Retake_Exam\RevueTestExam\RevueTestExam\bin\Debug\net6.0\fine-code-coverage\build-output\RevueTestExam.dll is a full path.
TpTrace Verbose: 0 : 26220, 1, 2024/04/26, 14:59:58.410, 4532807628118, vstest.console.dll, TestPluginCache.DiscoverTestExtensions: finding test extensions in assemblies ends with: RuntimeProvider.dll TPluginInfo: Microsoft.VisualStudio.TestPlatform.Common.ExtensionFramework.Utilities.TestRuntimePluginInformation TExtension: Microsoft.VisualStudio.TestPlatform.ObjectModel.Host.ITestRuntimeProvider
TpTrace Verbose: 0 : 26220, 1, 2024/04/26, 14:59:58.410, 4532807632350, vstest.console.dll, TestPluginCache.GetExtensionPaths: Filtered extension paths: 
TpTrace Verbose: 0 : 26220, 1, 2024/04/26, 14:59:58.410, 4532807633437, vstest.console.dll, TestPluginCache.GetExtensionPaths: Added default extension paths: C:\Program Files\dotnet\sdk\8.0.101\Extensions\Microsoft.Diagnostics.NETCore.Client.dll
C:\Program Files\dotnet\sdk\8.0.101\Extensions\Microsoft.TestPlatform.Extensions.BlameDataCollector.dll
C:\Program Files\dotnet\sdk\8.0.101\Extensions\Microsoft.TestPlatform.Extensions.EventLogCollector.dll
C:\Program Files\dotnet\sdk\8.0.101\Extensions\Microsoft.TestPlatform.TestHostRuntimeProvider.dll
C:\Program Files\dotnet\sdk\8.0.101\Extensions\Microsoft.VisualStudio.TestPlatform.Extensions.Html.TestLogger.dll
C:\Program Files\dotnet\sdk\8.0.101\Extensions\Microsoft.VisualStudio.TestPlatform.Extensions.Trx.TestLogger.dll
TpTrace Verbose: 0 : 26220, 1, 2024/04/26, 14:59:58.410, 4532807633876, vstest.console.dll, TestPluginCache.GetExtensionPaths: Added unfilterableExtensionPaths: 
TpTrace Information: 0 : 26220, 1, 2024/04/26, 14:59:58.411, 4532807641193, vstest.console.dll, AssemblyResolver.ctor: Creating AssemblyResolver with searchDirectories C:\Program Files\dotnet\sdk\8.0.101\Extensions,C:\Program Files\dotnet\sdk\8.0.101
TpTrace Verbose: 0 : 26220, 1, 2024/04/26, 14:59:58.413, 4532807663298, vstest.console.dll, TestPluginCache.DiscoverTestExtensions: Discovering the extensions using extension path.
TpTrace Verbose: 0 : 26220, 1, 2024/04/26, 14:59:58.414, 4532807665378, vstest.console.dll, TestPluginCache.GetExtensionPaths: Filtered extension paths: 
TpTrace Verbose: 0 : 26220, 1, 2024/04/26, 14:59:58.414, 4532807665948, vstest.console.dll, TestPluginCache.GetExtensionPaths: Added default extension paths: C:\Program Files\dotnet\sdk\8.0.101\Extensions\Microsoft.Diagnostics.NETCore.Client.dll
C:\Program Files\dotnet\sdk\8.0.101\Extensions\Microsoft.TestPlatform.Extensions.BlameDataCollector.dll
C:\Program Files\dotnet\sdk\8.0.101\Extensions\Microsoft.TestPlatform.Extensions.EventLogCollector.dll
C:\Program Files\dotnet\sdk\8.0.101\Extensions\Microsoft.TestPlatform.TestHostRuntimeProvider.dll
C:\Program Files\dotnet\sdk\8.0.101\Extensions\Microsoft.VisualStudio.TestPlatform.Extensions.Html.TestLogger.dll
C:\Program Files\dotnet\sdk\8.0.101\Extensions\Microsoft.VisualStudio.TestPlatform.Extensions.Trx.TestLogger.dll
TpTrace Verbose: 0 : 26220, 1, 2024/04/26, 14:59:58.414, 4532807666326, vstest.console.dll, TestPluginCache.GetExtensionPaths: Added unfilterableExtensionPaths: 
TpTrace Verbose: 0 : 26220, 1, 2024/04/26, 14:59:58.414, 4532807667543, vstest.console.dll, TestPluginCache.DiscoverTestExtensions: Discovering the extensions using allExtensionPaths: C:\Program Files\dotnet\sdk\8.0.101\Extensions\Microsoft.Diagnostics.NETCore.Client.dll
C:\Program Files\dotnet\sdk\8.0.101\Extensions\Microsoft.TestPlatform.Extensions.BlameDataCollector.dll
C:\Program Files\dotnet\sdk\8.0.101\Extensions\Microsoft.TestPlatform.Extensions.EventLogCollector.dll
C:\Program Files\dotnet\sdk\8.0.101\Extensions\Microsoft.TestPlatform.TestHostRuntimeProvider.dll
C:\Program Files\dotnet\sdk\8.0.101\Extensions\Microsoft.VisualStudio.TestPlatform.Extensions.Html.TestLogger.dll
C:\Program Files\dotnet\sdk\8.0.101\Extensions\Microsoft.VisualStudio.TestPlatform.Extensions.Trx.TestLogger.dll
TpTrace Information: 0 : 26220, 1, 2024/04/26, 14:59:58.414, 4532807669769, vstest.console.dll, AssemblyResolver.AddSearchDirectories: Adding more searchDirectories C:\Program Files\dotnet\sdk\8.0.101\Extensions,C:\Program Files\dotnet\sdk\8.0.101
TpTrace Information: 0 : 26220, 1, 2024/04/26, 14:59:58.414, 4532807670485, vstest.console.dll, AssemblyResolver.AddSearchDirectories: Adding more searchDirectories C:\Program Files\dotnet\sdk\8.0.101\Extensions,C:\Program Files\dotnet\sdk\8.0.101
TpTrace Information: 0 : 26220, 1, 2024/04/26, 14:59:58.414, 4532807670910, vstest.console.dll, AssemblyResolver.AddSearchDirectories: Adding more searchDirectories C:\Program Files\dotnet\sdk\8.0.101\Extensions,C:\Program Files\dotnet\sdk\8.0.101
TpTrace Information: 0 : 26220, 1, 2024/04/26, 14:59:58.414, 4532807671304, vstest.console.dll, AssemblyResolver.AddSearchDirectories: Adding more searchDirectories C:\Program Files\dotnet\sdk\8.0.101\Extensions,C:\Program Files\dotnet\sdk\8.0.101
TpTrace Information: 0 : 26220, 1, 2024/04/26, 14:59:58.414, 4532807672181, vstest.console.dll, AssemblyResolver.AddSearchDirectories: Adding more searchDirectories C:\Program Files\dotnet\sdk\8.0.101\Extensions,C:\Program Files\dotnet\sdk\8.0.101
TpTrace Information: 0 : 26220, 1, 2024/04/26, 14:59:58.414, 4532807672566, vstest.console.dll, AssemblyResolver.AddSearchDirectories: Adding more searchDirectories C:\Program Files\dotnet\sdk\8.0.101\Extensions,C:\Program Files\dotnet\sdk\8.0.101
TpTrace Information: 0 : 26220, 1, 2024/04/26, 14:59:58.415, 4532807678605, vstest.console.dll, AssemblyResolver.OnResolve: Microsoft.Diagnostics.NETCore.Client: Resolving assembly.
TpTrace Information: 0 : 26220, 1, 2024/04/26, 14:59:58.415, 4532807679423, vstest.console.dll, AssemblyResolver.OnResolve: Microsoft.Diagnostics.NETCore.Client: Searching in: 'C:\Program Files\dotnet\sdk\8.0.101\Extensions'.
TpTrace Information: 0 : 26220, 1, 2024/04/26, 14:59:58.426, 4532807784991, vstest.console.dll, AssemblyResolver.OnResolve: Microsoft.Diagnostics.NETCore.Client: Loading assembly 'C:\Program Files\dotnet\sdk\8.0.101\Extensions\Microsoft.Diagnostics.NETCore.Client.dll'.
TpTrace Information: 0 : 26220, 1, 2024/04/26, 14:59:58.427, 4532807794967, vstest.console.dll, AssemblyResolver.OnResolve: Resolved assembly: Microsoft.Diagnostics.NETCore.Client, from path: C:\Program Files\dotnet\sdk\8.0.101\Extensions\Microsoft.Diagnostics.NETCore.Client.dll
TpTrace Verbose: 0 : 26220, 1, 2024/04/26, 14:59:58.432, 4532807851135, vstest.console.dll, MetadataReaderExtensionsHelper: Discovering extensions inside assembly 'Microsoft.Diagnostics.NETCore.Client, Version=0.2.8.21101, Culture=neutral, PublicKeyToken=31bf3856ad364e35' file path 'C:\Program Files\dotnet\sdk\8.0.101\Extensions\Microsoft.Diagnostics.NETCore.Client.dll'
TpTrace Information: 0 : 26220, 1, 2024/04/26, 14:59:58.438, 4532807907643, vstest.console.dll, AssemblyResolver.OnResolve: Microsoft.Bcl.AsyncInterfaces: Resolving assembly.
TpTrace Information: 0 : 26220, 1, 2024/04/26, 14:59:58.438, 4532807909372, vstest.console.dll, AssemblyResolver.OnResolve: Microsoft.Bcl.AsyncInterfaces: Searching in: 'C:\Program Files\dotnet\sdk\8.0.101\Extensions'.
TpTrace Information: 0 : 26220, 1, 2024/04/26, 14:59:58.438, 4532807910463, vstest.console.dll, AssemblyResolver.OnResolve: Microsoft.Bcl.AsyncInterfaces: Assembly path does not exist: 'C:\Program Files\dotnet\sdk\8.0.101\Extensions\Microsoft.Bcl.AsyncInterfaces.dll', returning.
TpTrace Information: 0 : 26220, 1, 2024/04/26, 14:59:58.438, 4532807912181, vstest.console.dll, AssemblyResolver.OnResolve: Microsoft.Bcl.AsyncInterfaces: Assembly path does not exist: 'C:\Program Files\dotnet\sdk\8.0.101\Extensions\Microsoft.Bcl.AsyncInterfaces.exe', returning.
TpTrace Information: 0 : 26220, 1, 2024/04/26, 14:59:58.438, 4532807912776, vstest.console.dll, AssemblyResolver.OnResolve: Microsoft.Bcl.AsyncInterfaces: Searching in: 'C:\Program Files\dotnet\sdk\8.0.101'.
TpTrace Information: 0 : 26220, 1, 2024/04/26, 14:59:58.438, 4532807913506, vstest.console.dll, AssemblyResolver.OnResolve: Microsoft.Bcl.AsyncInterfaces: Assembly path does not exist: 'C:\Program Files\dotnet\sdk\8.0.101\Microsoft.Bcl.AsyncInterfaces.dll', returning.
TpTrace Information: 0 : 26220, 1, 2024/04/26, 14:59:58.438, 4532807914287, vstest.console.dll, AssemblyResolver.OnResolve: Microsoft.Bcl.AsyncInterfaces: Assembly path does not exist: 'C:\Program Files\dotnet\sdk\8.0.101\Microsoft.Bcl.AsyncInterfaces.exe', returning.
TpTrace Information: 0 : 26220, 1, 2024/04/26, 14:59:58.439, 4532807914663, vstest.console.dll, AssemblyResolver.OnResolve: Microsoft.Bcl.AsyncInterfaces: Failed to load assembly.
TpTrace Verbose: 0 : 26220, 1, 2024/04/26, 14:59:58.439, 4532807915075, vstest.console.dll, CurrentDomainAssemblyResolve: Resolving assembly 'Microsoft.Bcl.AsyncInterfaces'.
TpTrace Information: 0 : 26220, 1, 2024/04/26, 14:59:58.439, 4532807915725, vstest.console.dll, AssemblyResolver.OnResolve: Microsoft.Bcl.AsyncInterfaces: Resolving assembly.
TpTrace Information: 0 : 26220, 1, 2024/04/26, 14:59:58.439, 4532807916429, vstest.console.dll, AssemblyResolver.OnResolve: Microsoft.Bcl.AsyncInterfaces: Resolved from cache.
TpTrace Verbose: 0 : 26220, 1, 2024/04/26, 14:59:58.439, 4532807916985, vstest.console.dll, CurrentDomainAssemblyResolve: Resolving assembly 'Microsoft.Bcl.AsyncInterfaces'.
TpTrace Verbose: 0 : 26220, 1, 2024/04/26, 14:59:58.439, 4532807917392, vstest.console.dll, CurrentDomainAssemblyResolve: Failed to resolve assembly 'Microsoft.Bcl.AsyncInterfaces'.
TpTrace Verbose: 0 : 26220, 1, 2024/04/26, 14:59:58.440, 4532807930920, vstest.console.dll, CurrentDomainAssemblyResolve: Failed to resolve assembly 'Microsoft.Bcl.AsyncInterfaces'.
TpTrace Warning: 0 : 26220, 1, 2024/04/26, 14:59:58.454, 4532808071704, vstest.console.dll, TestPluginDiscoverer: Failed to get types from assembly 'Microsoft.Diagnostics.NETCore.Client, Version=0.2.8.21101, Culture=neutral, PublicKeyToken=31bf3856ad364e35'. Error: System.Reflection.ReflectionTypeLoadException: Unable to load one or more of the requested types.
Could not load file or assembly 'Microsoft.Bcl.AsyncInterfaces, Version=1.0.0.0, Culture=neutral, PublicKeyToken=cc7b13ffcd2ddd51'. The system cannot find the file specified.
   at System.Reflection.RuntimeModule.GetTypes(RuntimeModule module)
   at System.Reflection.RuntimeModule.GetTypes()
   at Microsoft.VisualStudio.TestPlatform.Common.ExtensionFramework.TestPluginDiscoverer.GetTestExtensionsFromAssembly[TPluginInfo,TExtension](Assembly assembly, Dictionary`2 pluginInfos, String filePath) in /_/src/Microsoft.TestPlatform.Common/ExtensionFramework/TestPluginDiscoverer.cs:line 158
System.IO.FileNotFoundException: Could not load file or assembly 'Microsoft.Bcl.AsyncInterfaces, Version=1.0.0.0, Culture=neutral, PublicKeyToken=cc7b13ffcd2ddd51'. The system cannot find the file specified.
File name: 'Microsoft.Bcl.AsyncInterfaces, Version=1.0.0.0, Culture=neutral, PublicKeyToken=cc7b13ffcd2ddd51'
 ---> System.IO.FileNotFoundException: Could not load file or assembly 'Microsoft.Bcl.AsyncInterfaces, Culture=neutral, PublicKeyToken=null'. The system cannot find the file specified.
File name: 'Microsoft.Bcl.AsyncInterfaces, Culture=neutral, PublicKeyToken=null'
   at System.Reflection.RuntimeAssembly.InternalLoad(AssemblyName assemblyName, StackCrawlMark& stackMark, AssemblyLoadContext assemblyLoadContext, RuntimeAssembly requestingAssembly, Boolean throwOnFileNotFound)
   at System.Reflection.Assembly.Load(AssemblyName assemblyRef)
   at Microsoft.VisualStudio.TestPlatform.Common.ExtensionFramework.TestPluginCache.CurrentDomainAssemblyResolve(Object sender, AssemblyResolveEventArgs args) in /_/src/Microsoft.TestPlatform.Common/ExtensionFramework/TestPluginCache.cs:line 513
   at System.Runtime.Loader.AssemblyLoadContext.GetFirstResolvedAssemblyFromResolvingEvent(AssemblyName assemblyName)
   at System.Runtime.Loader.AssemblyLoadContext.ResolveUsingEvent(AssemblyName assemblyName)
   at System.Runtime.Loader.AssemblyLoadContext.ResolveUsingResolvingEvent(IntPtr gchManagedAssemblyLoadContext, AssemblyName assemblyName)
TpTrace Warning: 0 : 26220, 1, 2024/04/26, 14:59:58.455, 4532808076190, vstest.console.dll, LoaderExceptions: System.IO.FileNotFoundException: Could not load file or assembly 'Microsoft.Bcl.AsyncInterfaces, Version=1.0.0.0, Culture=neutral, PublicKeyToken=cc7b13ffcd2ddd51'. The system cannot find the file specified.
File name: 'Microsoft.Bcl.AsyncInterfaces, Version=1.0.0.0, Culture=neutral, PublicKeyToken=cc7b13ffcd2ddd51'
 ---> System.IO.FileNotFoundException: Could not load file or assembly 'Microsoft.Bcl.AsyncInterfaces, Culture=neutral, PublicKeyToken=null'. The system cannot find the file specified.
File name: 'Microsoft.Bcl.AsyncInterfaces, Culture=neutral, PublicKeyToken=null'
   at System.Reflection.RuntimeAssembly.InternalLoad(AssemblyName assemblyName, StackCrawlMark& stackMark, AssemblyLoadContext assemblyLoadContext, RuntimeAssembly requestingAssembly, Boolean throwOnFileNotFound)
   at System.Reflection.Assembly.Load(AssemblyName assemblyRef)
   at Microsoft.VisualStudio.TestPlatform.Common.ExtensionFramework.TestPluginCache.CurrentDomainAssemblyResolve(Object sender, AssemblyResolveEventArgs args) in /_/src/Microsoft.TestPlatform.Common/ExtensionFramework/TestPluginCache.cs:line 513
   at System.Runtime.Loader.AssemblyLoadContext.GetFirstResolvedAssemblyFromResolvingEvent(AssemblyName assemblyName)
   at System.Runtime.Loader.AssemblyLoadContext.ResolveUsingEvent(AssemblyName assemblyName)
   at System.Runtime.Loader.AssemblyLoadContext.ResolveUsingResolvingEvent(IntPtr gchManagedAssemblyLoadContext, AssemblyName assemblyName)
TpTrace Information: 0 : 26220, 1, 2024/04/26, 14:59:58.455, 4532808077681, vstest.console.dll, AssemblyResolver.OnResolve: Microsoft.TestPlatform.Extensions.BlameDataCollector: Resolving assembly.
TpTrace Information: 0 : 26220, 1, 2024/04/26, 14:59:58.455, 4532808078177, vstest.console.dll, AssemblyResolver.OnResolve: Microsoft.TestPlatform.Extensions.BlameDataCollector: Searching in: 'C:\Program Files\dotnet\sdk\8.0.101\Extensions'.
TpTrace Information: 0 : 26220, 1, 2024/04/26, 14:59:58.456, 4532808086185, vstest.console.dll, AssemblyResolver.OnResolve: Microsoft.TestPlatform.Extensions.BlameDataCollector: Loading assembly 'C:\Program Files\dotnet\sdk\8.0.101\Extensions\Microsoft.TestPlatform.Extensions.BlameDataCollector.dll'.
TpTrace Information: 0 : 26220, 1, 2024/04/26, 14:59:58.456, 4532808093734, vstest.console.dll, AssemblyResolver.OnResolve: Resolved assembly: Microsoft.TestPlatform.Extensions.BlameDataCollector, from path: C:\Program Files\dotnet\sdk\8.0.101\Extensions\Microsoft.TestPlatform.Extensions.BlameDataCollector.dll
TpTrace Verbose: 0 : 26220, 1, 2024/04/26, 14:59:58.457, 4532808095115, vstest.console.dll, MetadataReaderExtensionsHelper: Discovering extensions inside assembly 'Microsoft.TestPlatform.Extensions.BlameDataCollector, Version=15.0.0.0, Culture=neutral, PublicKeyToken=b03f5f7f11d50a3a' file path 'C:\Program Files\dotnet\sdk\8.0.101\Extensions\Microsoft.TestPlatform.Extensions.BlameDataCollector.dll'
TpTrace Information: 0 : 26220, 1, 2024/04/26, 14:59:58.459, 4532808120410, vstest.console.dll, AssemblyResolver.OnResolve: Microsoft.TestPlatform.Extensions.EventLogCollector: Resolving assembly.
TpTrace Information: 0 : 26220, 1, 2024/04/26, 14:59:58.459, 4532808122015, vstest.console.dll, AssemblyResolver.OnResolve: Microsoft.TestPlatform.Extensions.EventLogCollector: Searching in: 'C:\Program Files\dotnet\sdk\8.0.101\Extensions'.
TpTrace Information: 0 : 26220, 1, 2024/04/26, 14:59:58.460, 4532808130886, vstest.console.dll, AssemblyResolver.OnResolve: Microsoft.TestPlatform.Extensions.EventLogCollector: Loading assembly 'C:\Program Files\dotnet\sdk\8.0.101\Extensions\Microsoft.TestPlatform.Extensions.EventLogCollector.dll'.
TpTrace Information: 0 : 26220, 1, 2024/04/26, 14:59:58.461, 4532808137905, vstest.console.dll, AssemblyResolver.OnResolve: Resolved assembly: Microsoft.TestPlatform.Extensions.EventLogCollector, from path: C:\Program Files\dotnet\sdk\8.0.101\Extensions\Microsoft.TestPlatform.Extensions.EventLogCollector.dll
TpTrace Verbose: 0 : 26220, 1, 2024/04/26, 14:59:58.461, 4532808139262, vstest.console.dll, MetadataReaderExtensionsHelper: Discovering extensions inside assembly 'Microsoft.TestPlatform.Extensions.EventLogCollector, Version=15.0.0.0, Culture=neutral, PublicKeyToken=b03f5f7f11d50a3a' file path 'C:\Program Files\dotnet\sdk\8.0.101\Extensions\Microsoft.TestPlatform.Extensions.EventLogCollector.dll'
TpTrace Information: 0 : 26220, 1, 2024/04/26, 14:59:58.465, 4532808174824, vstest.console.dll, AssemblyResolver.OnResolve: Microsoft.TestPlatform.TestHostRuntimeProvider: Resolving assembly.
TpTrace Information: 0 : 26220, 1, 2024/04/26, 14:59:58.465, 4532808175861, vstest.console.dll, AssemblyResolver.OnResolve: Microsoft.TestPlatform.TestHostRuntimeProvider: Searching in: 'C:\Program Files\dotnet\sdk\8.0.101\Extensions'.
TpTrace Information: 0 : 26220, 1, 2024/04/26, 14:59:58.465, 4532808181722, vstest.console.dll, AssemblyResolver.OnResolve: Microsoft.TestPlatform.TestHostRuntimeProvider: Loading assembly 'C:\Program Files\dotnet\sdk\8.0.101\Extensions\Microsoft.TestPlatform.TestHostRuntimeProvider.dll'.
TpTrace Information: 0 : 26220, 1, 2024/04/26, 14:59:58.466, 4532808189715, vstest.console.dll, AssemblyResolver.OnResolve: Resolved assembly: Microsoft.TestPlatform.TestHostRuntimeProvider, from path: C:\Program Files\dotnet\sdk\8.0.101\Extensions\Microsoft.TestPlatform.TestHostRuntimeProvider.dll
TpTrace Verbose: 0 : 26220, 1, 2024/04/26, 14:59:58.466, 4532808191053, vstest.console.dll, MetadataReaderExtensionsHelper: Discovering extensions inside assembly 'Microsoft.TestPlatform.TestHostRuntimeProvider, Version=15.0.0.0, Culture=neutral, PublicKeyToken=b03f5f7f11d50a3a' file path 'C:\Program Files\dotnet\sdk\8.0.101\Extensions\Microsoft.TestPlatform.TestHostRuntimeProvider.dll'
TpTrace Information: 0 : 26220, 1, 2024/04/26, 14:59:58.468, 4532808212474, vstest.console.dll, GetTestExtensionFromType: Register extension with identifier data 'HostProvider://DefaultTestHost' and type 'Microsoft.VisualStudio.TestPlatform.CrossPlatEngine.Hosting.DefaultTestHostManager, Microsoft.TestPlatform.TestHostRuntimeProvider, Version=15.0.0.0, Culture=neutral, PublicKeyToken=b03f5f7f11d50a3a' inside file 'C:\Program Files\dotnet\sdk\8.0.101\Extensions\Microsoft.TestPlatform.TestHostRuntimeProvider.dll'
TpTrace Information: 0 : 26220, 1, 2024/04/26, 14:59:58.469, 4532808215305, vstest.console.dll, GetTestExtensionFromType: Register extension with identifier data 'HostProvider://DotnetTestHost' and type 'Microsoft.VisualStudio.TestPlatform.CrossPlatEngine.Hosting.DotnetTestHostManager, Microsoft.TestPlatform.TestHostRuntimeProvider, Version=15.0.0.0, Culture=neutral, PublicKeyToken=b03f5f7f11d50a3a' inside file 'C:\Program Files\dotnet\sdk\8.0.101\Extensions\Microsoft.TestPlatform.TestHostRuntimeProvider.dll'
TpTrace Information: 0 : 26220, 1, 2024/04/26, 14:59:58.469, 4532808216366, vstest.console.dll, AssemblyResolver.OnResolve: Microsoft.VisualStudio.TestPlatform.Extensions.Html.TestLogger: Resolving assembly.
TpTrace Information: 0 : 26220, 1, 2024/04/26, 14:59:58.469, 4532808216798, vstest.console.dll, AssemblyResolver.OnResolve: Microsoft.VisualStudio.TestPlatform.Extensions.Html.TestLogger: Searching in: 'C:\Program Files\dotnet\sdk\8.0.101\Extensions'.
TpTrace Information: 0 : 26220, 1, 2024/04/26, 14:59:58.470, 4532808224574, vstest.console.dll, AssemblyResolver.OnResolve: Microsoft.VisualStudio.TestPlatform.Extensions.Html.TestLogger: Loading assembly 'C:\Program Files\dotnet\sdk\8.0.101\Extensions\Microsoft.VisualStudio.TestPlatform.Extensions.Html.TestLogger.dll'.
TpTrace Information: 0 : 26220, 1, 2024/04/26, 14:59:58.470, 4532808232245, vstest.console.dll, AssemblyResolver.OnResolve: Resolved assembly: Microsoft.VisualStudio.TestPlatform.Extensions.Html.TestLogger, from path: C:\Program Files\dotnet\sdk\8.0.101\Extensions\Microsoft.VisualStudio.TestPlatform.Extensions.Html.TestLogger.dll
TpTrace Verbose: 0 : 26220, 1, 2024/04/26, 14:59:58.470, 4532808233445, vstest.console.dll, MetadataReaderExtensionsHelper: Discovering extensions inside assembly 'Microsoft.VisualStudio.TestPlatform.Extensions.Html.TestLogger, Version=15.0.0.0, Culture=neutral, PublicKeyToken=b03f5f7f11d50a3a' file path 'C:\Program Files\dotnet\sdk\8.0.101\Extensions\Microsoft.VisualStudio.TestPlatform.Extensions.Html.TestLogger.dll'
TpTrace Information: 0 : 26220, 1, 2024/04/26, 14:59:58.472, 4532808247734, vstest.console.dll, AssemblyResolver.OnResolve: Microsoft.VisualStudio.TestPlatform.Extensions.Trx.TestLogger: Resolving assembly.
TpTrace Information: 0 : 26220, 1, 2024/04/26, 14:59:58.472, 4532808248850, vstest.console.dll, AssemblyResolver.OnResolve: Microsoft.VisualStudio.TestPlatform.Extensions.Trx.TestLogger: Searching in: 'C:\Program Files\dotnet\sdk\8.0.101\Extensions'.
TpTrace Information: 0 : 26220, 1, 2024/04/26, 14:59:58.473, 4532808255011, vstest.console.dll, AssemblyResolver.OnResolve: Microsoft.VisualStudio.TestPlatform.Extensions.Trx.TestLogger: Loading assembly 'C:\Program Files\dotnet\sdk\8.0.101\Extensions\Microsoft.VisualStudio.TestPlatform.Extensions.Trx.TestLogger.dll'.
TpTrace Information: 0 : 26220, 1, 2024/04/26, 14:59:58.473, 4532808263342, vstest.console.dll, AssemblyResolver.OnResolve: Resolved assembly: Microsoft.VisualStudio.TestPlatform.Extensions.Trx.TestLogger, from path: C:\Program Files\dotnet\sdk\8.0.101\Extensions\Microsoft.VisualStudio.TestPlatform.Extensions.Trx.TestLogger.dll
TpTrace Verbose: 0 : 26220, 1, 2024/04/26, 14:59:58.473, 4532808264173, vstest.console.dll, MetadataReaderExtensionsHelper: Discovering extensions inside assembly 'Microsoft.VisualStudio.TestPlatform.Extensions.Trx.TestLogger, Version=15.0.0.0, Culture=neutral, PublicKeyToken=b03f5f7f11d50a3a' file path 'C:\Program Files\dotnet\sdk\8.0.101\Extensions\Microsoft.VisualStudio.TestPlatform.Extensions.Trx.TestLogger.dll'
TpTrace Verbose: 0 : 26220, 1, 2024/04/26, 14:59:58.475, 4532808277581, vstest.console.dll, TestPluginCache: Discovered the extensions using extension path ''.
TpTrace Verbose: 0 : 26220, 1, 2024/04/26, 14:59:58.475, 4532808278755, vstest.console.dll, TestPluginCache: Discoverers are ''.
TpTrace Verbose: 0 : 26220, 1, 2024/04/26, 14:59:58.475, 4532808279124, vstest.console.dll, TestPluginCache: Executors are ''.
TpTrace Verbose: 0 : 26220, 1, 2024/04/26, 14:59:58.475, 4532808279482, vstest.console.dll, TestPluginCache: Executors2 are ''.
TpTrace Verbose: 0 : 26220, 1, 2024/04/26, 14:59:58.475, 4532808280472, vstest.console.dll, TestPluginCache: Setting providers are ''.
TpTrace Verbose: 0 : 26220, 1, 2024/04/26, 14:59:58.475, 4532808281175, vstest.console.dll, TestPluginCache: Loggers are ''.
TpTrace Verbose: 0 : 26220, 1, 2024/04/26, 14:59:58.475, 4532808283824, vstest.console.dll, TestPluginCache: TestHosts are 'HostProvider://DefaultTestHost,HostProvider://DotnetTestHost'.
TpTrace Verbose: 0 : 26220, 1, 2024/04/26, 14:59:58.475, 4532808284300, vstest.console.dll, TestPluginCache: DataCollectors are ''.
TpTrace Information: 0 : 26220, 1, 2024/04/26, 14:59:58.493, 4532808456112, vstest.console.dll, RunTestsArgumentProcessor:Execute: Test run is starting.
TpTrace Verbose: 0 : 26220, 1, 2024/04/26, 14:59:58.493, 4532808457302, vstest.console.dll, RunTestsArgumentProcessor:Execute: Queuing Test run.
TpTrace Information: 0 : 26220, 1, 2024/04/26, 14:59:58.493, 4532808460336, vstest.console.dll, TestRequestManager.RunTests: run tests started.
TpTrace Information: 0 : 26220, 1, 2024/04/26, 14:59:58.494, 4532808474279, vstest.console.dll, AssemblyMetadataProvider.GetFrameworkName: Determined framework:'.NETCoreApp,Version=v6.0' for source: 'C:\Users\Леново\Downloads\Retake_Exam\RevueTestExam\RevueTestExam\bin\Debug\net6.0\fine-code-coverage\build-output\RevueTestExam.dll'
TpTrace Information: 0 : 26220, 1, 2024/04/26, 14:59:58.495, 4532808476355, vstest.console.dll, Determined framework for all sources: .NETCoreApp,Version=v6.0
TpTrace Verbose: 0 : 26220, 1, 2024/04/26, 14:59:58.495, 4532808480020, vstest.console.dll, TestRequestManager.UpdateRunSettingsIfRequired: Default architecture: X64 IsDefaultTargetArchitecture: True, Current process architecture: X64 OperatingSystem: Windows.
TpTrace Information: 0 : 26220, 1, 2024/04/26, 14:59:58.497, 4532808498875, vstest.console.dll, AssemblyMetadataProvider.GetArchitecture: Determined architecture:AnyCPU info for assembly: C:\Users\Леново\Downloads\Retake_Exam\RevueTestExam\RevueTestExam\bin\Debug\net6.0\fine-code-coverage\build-output\RevueTestExam.dll
TpTrace Information: 0 : 26220, 1, 2024/04/26, 14:59:58.497, 4532808500017, vstest.console.dll, Determined platform for source 'C:\Users\Леново\Downloads\Retake_Exam\RevueTestExam\RevueTestExam\bin\Debug\net6.0\fine-code-coverage\build-output\RevueTestExam.dll' was AnyCPU and it will use the default plaform X64.
TpTrace Information: 0 : 26220, 1, 2024/04/26, 14:59:58.497, 4532808500548, vstest.console.dll, None of the sources provided any runnable platform, using the default platform: X64
TpTrace Information: 0 : 26220, 1, 2024/04/26, 14:59:58.497, 4532808501453, vstest.console.dll, Platform was updated to 'X64'.
TpTrace Information: 0 : 26220, 1, 2024/04/26, 14:59:58.501, 4532808538923, vstest.console.dll, InferRunSettingsHelper.IsTestSettingsEnabled: Unable to navigate to RunSettings/MSTest. Current node: RunSettings
TpTrace Information: 0 : 26220, 1, 2024/04/26, 14:59:58.502, 4532808546030, vstest.console.dll, AssemblyResolver.OnResolve: Microsoft.VisualStudio.TestPlatform.Fakes: Resolving assembly.
TpTrace Information: 0 : 26220, 1, 2024/04/26, 14:59:58.502, 4532808546676, vstest.console.dll, AssemblyResolver.OnResolve: Microsoft.VisualStudio.TestPlatform.Fakes: Searching in: 'C:\Program Files\dotnet\sdk\8.0.101\Extensions'.
TpTrace Information: 0 : 26220, 1, 2024/04/26, 14:59:58.502, 4532808548229, vstest.console.dll, AssemblyResolver.OnResolve: Microsoft.VisualStudio.TestPlatform.Fakes: Assembly path does not exist: 'C:\Program Files\dotnet\sdk\8.0.101\Extensions\Microsoft.VisualStudio.TestPlatform.Fakes.dll', returning.
TpTrace Information: 0 : 26220, 1, 2024/04/26, 14:59:58.502, 4532808549053, vstest.console.dll, AssemblyResolver.OnResolve: Microsoft.VisualStudio.TestPlatform.Fakes: Assembly path does not exist: 'C:\Program Files\dotnet\sdk\8.0.101\Extensions\Microsoft.VisualStudio.TestPlatform.Fakes.exe', returning.
TpTrace Information: 0 : 26220, 1, 2024/04/26, 14:59:58.502, 4532808549452, vstest.console.dll, AssemblyResolver.OnResolve: Microsoft.VisualStudio.TestPlatform.Fakes: Searching in: 'C:\Program Files\dotnet\sdk\8.0.101'.
TpTrace Information: 0 : 26220, 1, 2024/04/26, 14:59:58.502, 4532808550516, vstest.console.dll, AssemblyResolver.OnResolve: Microsoft.VisualStudio.TestPlatform.Fakes: Assembly path does not exist: 'C:\Program Files\dotnet\sdk\8.0.101\Microsoft.VisualStudio.TestPlatform.Fakes.dll', returning.
TpTrace Information: 0 : 26220, 1, 2024/04/26, 14:59:58.502, 4532808551468, vstest.console.dll, AssemblyResolver.OnResolve: Microsoft.VisualStudio.TestPlatform.Fakes: Assembly path does not exist: 'C:\Program Files\dotnet\sdk\8.0.101\Microsoft.VisualStudio.TestPlatform.Fakes.exe', returning.
TpTrace Information: 0 : 26220, 1, 2024/04/26, 14:59:58.502, 4532808551848, vstest.console.dll, AssemblyResolver.OnResolve: Microsoft.VisualStudio.TestPlatform.Fakes: Failed to load assembly.
TpTrace Information: 0 : 26220, 1, 2024/04/26, 14:59:58.502, 4532808554371, vstest.console.dll, Failed to load assembly Microsoft.VisualStudio.TestPlatform.Fakes, Version=17.0.0.0, Culture=neutral. Reason:System.IO.FileNotFoundException: Could not load file or assembly 'Microsoft.VisualStudio.TestPlatform.Fakes, Version=17.0.0.0, Culture=neutral, PublicKeyToken=null'. The system cannot find the file specified.
File name: 'Microsoft.VisualStudio.TestPlatform.Fakes, Version=17.0.0.0, Culture=neutral, PublicKeyToken=null'
   at System.Reflection.RuntimeAssembly.InternalLoad(AssemblyName assemblyName, StackCrawlMark& stackMark, AssemblyLoadContext assemblyLoadContext, RuntimeAssembly requestingAssembly, Boolean throwOnFileNotFound)
   at System.Reflection.Assembly.Load(AssemblyName assemblyRef)
   at Microsoft.VisualStudio.TestPlatform.Common.Utilities.FakesUtilities.LoadTestPlatformAssembly() in /_/src/Microsoft.TestPlatform.Common/Utilities/FakesUtilities.cs:line 272
TpTrace Verbose: 0 : 26220, 1, 2024/04/26, 14:59:58.506, 4532808589599, vstest.console.dll, TestPluginCache.DiscoverTestExtensions: finding test extensions in assemblies ends with: TestLogger.dll TPluginInfo: Microsoft.VisualStudio.TestPlatform.Common.ExtensionFramework.Utilities.TestLoggerPluginInformation TExtension: Microsoft.VisualStudio.TestPlatform.ObjectModel.Client.ITestLogger
TpTrace Verbose: 0 : 26220, 1, 2024/04/26, 14:59:58.506, 4532808590935, vstest.console.dll, TestPluginCache.GetExtensionPaths: Filtered extension paths: 
TpTrace Verbose: 0 : 26220, 1, 2024/04/26, 14:59:58.506, 4532808591419, vstest.console.dll, TestPluginCache.GetExtensionPaths: Added default extension paths: C:\Program Files\dotnet\sdk\8.0.101\Extensions\Microsoft.Diagnostics.NETCore.Client.dll
C:\Program Files\dotnet\sdk\8.0.101\Extensions\Microsoft.TestPlatform.Extensions.BlameDataCollector.dll
C:\Program Files\dotnet\sdk\8.0.101\Extensions\Microsoft.TestPlatform.Extensions.EventLogCollector.dll
C:\Program Files\dotnet\sdk\8.0.101\Extensions\Microsoft.TestPlatform.TestHostRuntimeProvider.dll
C:\Program Files\dotnet\sdk\8.0.101\Extensions\Microsoft.VisualStudio.TestPlatform.Extensions.Html.TestLogger.dll
C:\Program Files\dotnet\sdk\8.0.101\Extensions\Microsoft.VisualStudio.TestPlatform.Extensions.Trx.TestLogger.dll
TpTrace Verbose: 0 : 26220, 1, 2024/04/26, 14:59:58.506, 4532808591794, vstest.console.dll, TestPluginCache.GetExtensionPaths: Added unfilterableExtensionPaths: 
TpTrace Information: 0 : 26220, 1, 2024/04/26, 14:59:58.506, 4532808593502, vstest.console.dll, AssemblyResolver.AddSearchDirectories: Adding more searchDirectories C:\Program Files\dotnet\sdk\8.0.101\Extensions,C:\Program Files\dotnet\sdk\8.0.101
TpTrace Verbose: 0 : 26220, 1, 2024/04/26, 14:59:58.506, 4532808594011, vstest.console.dll, TestPluginCache.DiscoverTestExtensions: Discovering the extensions using extension path.
TpTrace Verbose: 0 : 26220, 1, 2024/04/26, 14:59:58.506, 4532808594407, vstest.console.dll, TestPluginCache.GetExtensionPaths: Filtered extension paths: 
TpTrace Verbose: 0 : 26220, 1, 2024/04/26, 14:59:58.507, 4532808594823, vstest.console.dll, TestPluginCache.GetExtensionPaths: Added default extension paths: C:\Program Files\dotnet\sdk\8.0.101\Extensions\Microsoft.Diagnostics.NETCore.Client.dll
C:\Program Files\dotnet\sdk\8.0.101\Extensions\Microsoft.TestPlatform.Extensions.BlameDataCollector.dll
C:\Program Files\dotnet\sdk\8.0.101\Extensions\Microsoft.TestPlatform.Extensions.EventLogCollector.dll
C:\Program Files\dotnet\sdk\8.0.101\Extensions\Microsoft.TestPlatform.TestHostRuntimeProvider.dll
C:\Program Files\dotnet\sdk\8.0.101\Extensions\Microsoft.VisualStudio.TestPlatform.Extensions.Html.TestLogger.dll
C:\Program Files\dotnet\sdk\8.0.101\Extensions\Microsoft.VisualStudio.TestPlatform.Extensions.Trx.TestLogger.dll
TpTrace Verbose: 0 : 26220, 1, 2024/04/26, 14:59:58.507, 4532808595190, vstest.console.dll, TestPluginCache.GetExtensionPaths: Added unfilterableExtensionPaths: 
TpTrace Verbose: 0 : 26220, 1, 2024/04/26, 14:59:58.507, 4532808595579, vstest.console.dll, TestPluginCache.DiscoverTestExtensions: Discovering the extensions using allExtensionPaths: C:\Program Files\dotnet\sdk\8.0.101\Extensions\Microsoft.Diagnostics.NETCore.Client.dll
C:\Program Files\dotnet\sdk\8.0.101\Extensions\Microsoft.TestPlatform.Extensions.BlameDataCollector.dll
C:\Program Files\dotnet\sdk\8.0.101\Extensions\Microsoft.TestPlatform.Extensions.EventLogCollector.dll
C:\Program Files\dotnet\sdk\8.0.101\Extensions\Microsoft.TestPlatform.TestHostRuntimeProvider.dll
C:\Program Files\dotnet\sdk\8.0.101\Extensions\Microsoft.VisualStudio.TestPlatform.Extensions.Html.TestLogger.dll
C:\Program Files\dotnet\sdk\8.0.101\Extensions\Microsoft.VisualStudio.TestPlatform.Extensions.Trx.TestLogger.dll
TpTrace Information: 0 : 26220, 1, 2024/04/26, 14:59:58.507, 4532808596651, vstest.console.dll, AssemblyResolver.AddSearchDirectories: Adding more searchDirectories C:\Program Files\dotnet\sdk\8.0.101\Extensions,C:\Program Files\dotnet\sdk\8.0.101
TpTrace Information: 0 : 26220, 1, 2024/04/26, 14:59:58.507, 4532808597212, vstest.console.dll, AssemblyResolver.AddSearchDirectories: Adding more searchDirectories C:\Program Files\dotnet\sdk\8.0.101\Extensions,C:\Program Files\dotnet\sdk\8.0.101
TpTrace Information: 0 : 26220, 1, 2024/04/26, 14:59:58.507, 4532808597613, vstest.console.dll, AssemblyResolver.AddSearchDirectories: Adding more searchDirectories C:\Program Files\dotnet\sdk\8.0.101\Extensions,C:\Program Files\dotnet\sdk\8.0.101
TpTrace Information: 0 : 26220, 1, 2024/04/26, 14:59:58.507, 4532808597982, vstest.console.dll, AssemblyResolver.AddSearchDirectories: Adding more searchDirectories C:\Program Files\dotnet\sdk\8.0.101\Extensions,C:\Program Files\dotnet\sdk\8.0.101
TpTrace Information: 0 : 26220, 1, 2024/04/26, 14:59:58.507, 4532808598347, vstest.console.dll, AssemblyResolver.AddSearchDirectories: Adding more searchDirectories C:\Program Files\dotnet\sdk\8.0.101\Extensions,C:\Program Files\dotnet\sdk\8.0.101
TpTrace Information: 0 : 26220, 1, 2024/04/26, 14:59:58.507, 4532808599162, vstest.console.dll, AssemblyResolver.AddSearchDirectories: Adding more searchDirectories C:\Program Files\dotnet\sdk\8.0.101\Extensions,C:\Program Files\dotnet\sdk\8.0.101
TpTrace Verbose: 0 : 26220, 1, 2024/04/26, 14:59:58.507, 4532808600818, vstest.console.dll, MetadataReaderExtensionsHelper: Discovering extensions inside assembly 'Microsoft.Diagnostics.NETCore.Client, Version=0.2.8.21101, Culture=neutral, PublicKeyToken=31bf3856ad364e35' file path 'C:\Program Files\dotnet\sdk\8.0.101\Extensions\Microsoft.Diagnostics.NETCore.Client.dll'
TpTrace Information: 0 : 26220, 1, 2024/04/26, 14:59:58.509, 4532808615018, vstest.console.dll, AssemblyResolver.OnResolve: Microsoft.Bcl.AsyncInterfaces: Resolving assembly.
TpTrace Information: 0 : 26220, 1, 2024/04/26, 14:59:58.509, 4532808615862, vstest.console.dll, AssemblyResolver.OnResolve: Microsoft.Bcl.AsyncInterfaces: Resolved from cache.
TpTrace Verbose: 0 : 26220, 1, 2024/04/26, 14:59:58.509, 4532808616255, vstest.console.dll, CurrentDomainAssemblyResolve: Resolving assembly 'Microsoft.Bcl.AsyncInterfaces'.
TpTrace Information: 0 : 26220, 1, 2024/04/26, 14:59:58.509, 4532808616791, vstest.console.dll, AssemblyResolver.OnResolve: Microsoft.Bcl.AsyncInterfaces: Resolving assembly.
TpTrace Information: 0 : 26220, 1, 2024/04/26, 14:59:58.509, 4532808617162, vstest.console.dll, AssemblyResolver.OnResolve: Microsoft.Bcl.AsyncInterfaces: Resolved from cache.
TpTrace Verbose: 0 : 26220, 1, 2024/04/26, 14:59:58.509, 4532808617627, vstest.console.dll, CurrentDomainAssemblyResolve: Resolving assembly 'Microsoft.Bcl.AsyncInterfaces'.
TpTrace Verbose: 0 : 26220, 1, 2024/04/26, 14:59:58.509, 4532808618255, vstest.console.dll, CurrentDomainAssemblyResolve: Failed to resolve assembly 'Microsoft.Bcl.AsyncInterfaces'.
TpTrace Verbose: 0 : 26220, 1, 2024/04/26, 14:59:58.509, 4532808619851, vstest.console.dll, CurrentDomainAssemblyResolve: Failed to resolve assembly 'Microsoft.Bcl.AsyncInterfaces'.
TpTrace Warning: 0 : 26220, 1, 2024/04/26, 14:59:58.509, 4532808624087, vstest.console.dll, TestPluginDiscoverer: Failed to get types from assembly 'Microsoft.Diagnostics.NETCore.Client, Version=0.2.8.21101, Culture=neutral, PublicKeyToken=31bf3856ad364e35'. Error: System.Reflection.ReflectionTypeLoadException: Unable to load one or more of the requested types.
Could not load file or assembly 'Microsoft.Bcl.AsyncInterfaces, Version=1.0.0.0, Culture=neutral, PublicKeyToken=cc7b13ffcd2ddd51'. The system cannot find the file specified.
   at System.Reflection.RuntimeModule.GetTypes(RuntimeModule module)
   at System.Reflection.RuntimeModule.GetTypes()
   at Microsoft.VisualStudio.TestPlatform.Common.ExtensionFramework.TestPluginDiscoverer.GetTestExtensionsFromAssembly[TPluginInfo,TExtension](Assembly assembly, Dictionary`2 pluginInfos, String filePath) in /_/src/Microsoft.TestPlatform.Common/ExtensionFramework/TestPluginDiscoverer.cs:line 158
System.IO.FileNotFoundException: Could not load file or assembly 'Microsoft.Bcl.AsyncInterfaces, Version=1.0.0.0, Culture=neutral, PublicKeyToken=cc7b13ffcd2ddd51'. The system cannot find the file specified.
File name: 'Microsoft.Bcl.AsyncInterfaces, Version=1.0.0.0, Culture=neutral, PublicKeyToken=cc7b13ffcd2ddd51'
 ---> System.IO.FileNotFoundException: Could not load file or assembly 'Microsoft.Bcl.AsyncInterfaces, Culture=neutral, PublicKeyToken=null'. The system cannot find the file specified.
File name: 'Microsoft.Bcl.AsyncInterfaces, Culture=neutral, PublicKeyToken=null'
   at System.Reflection.RuntimeAssembly.InternalLoad(AssemblyName assemblyName, StackCrawlMark& stackMark, AssemblyLoadContext assemblyLoadContext, RuntimeAssembly requestingAssembly, Boolean throwOnFileNotFound)
   at System.Reflection.Assembly.Load(AssemblyName assemblyRef)
   at Microsoft.VisualStudio.TestPlatform.Common.ExtensionFramework.TestPluginCache.CurrentDomainAssemblyResolve(Object sender, AssemblyResolveEventArgs args) in /_/src/Microsoft.TestPlatform.Common/ExtensionFramework/TestPluginCache.cs:line 513
   at System.Runtime.Loader.AssemblyLoadContext.GetFirstResolvedAssemblyFromResolvingEvent(AssemblyName assemblyName)
   at System.Runtime.Loader.AssemblyLoadContext.ResolveUsingEvent(AssemblyName assemblyName)
   at System.Runtime.Loader.AssemblyLoadContext.ResolveUsingResolvingEvent(IntPtr gchManagedAssemblyLoadContext, AssemblyName assemblyName)
TpTrace Warning: 0 : 26220, 1, 2024/04/26, 14:59:58.510, 4532808625898, vstest.console.dll, LoaderExceptions: System.IO.FileNotFoundException: Could not load file or assembly 'Microsoft.Bcl.AsyncInterfaces, Version=1.0.0.0, Culture=neutral, PublicKeyToken=cc7b13ffcd2ddd51'. The system cannot find the file specified.
File name: 'Microsoft.Bcl.AsyncInterfaces, Version=1.0.0.0, Culture=neutral, PublicKeyToken=cc7b13ffcd2ddd51'
 ---> System.IO.FileNotFoundException: Could not load file or assembly 'Microsoft.Bcl.AsyncInterfaces, Culture=neutral, PublicKeyToken=null'. The system cannot find the file specified.
File name: 'Microsoft.Bcl.AsyncInterfaces, Culture=neutral, PublicKeyToken=null'
   at System.Reflection.RuntimeAssembly.InternalLoad(AssemblyName assemblyName, StackCrawlMark& stackMark, AssemblyLoadContext assemblyLoadContext, RuntimeAssembly requestingAssembly, Boolean throwOnFileNotFound)
   at System.Reflection.Assembly.Load(AssemblyName assemblyRef)
   at Microsoft.VisualStudio.TestPlatform.Common.ExtensionFramework.TestPluginCache.CurrentDomainAssemblyResolve(Object sender, AssemblyResolveEventArgs args) in /_/src/Microsoft.TestPlatform.Common/ExtensionFramework/TestPluginCache.cs:line 513
   at System.Runtime.Loader.AssemblyLoadContext.GetFirstResolvedAssemblyFromResolvingEvent(AssemblyName assemblyName)
   at System.Runtime.Loader.AssemblyLoadContext.ResolveUsingEvent(AssemblyName assemblyName)
   at System.Runtime.Loader.AssemblyLoadContext.ResolveUsingResolvingEvent(IntPtr gchManagedAssemblyLoadContext, AssemblyName assemblyName)
TpTrace Verbose: 0 : 26220, 1, 2024/04/26, 14:59:58.510, 4532808627211, vstest.console.dll, MetadataReaderExtensionsHelper: Discovering extensions inside assembly 'Microsoft.TestPlatform.Extensions.BlameDataCollector, Version=15.0.0.0, Culture=neutral, PublicKeyToken=b03f5f7f11d50a3a' file path 'C:\Program Files\dotnet\sdk\8.0.101\Extensions\Microsoft.TestPlatform.Extensions.BlameDataCollector.dll'
TpTrace Information: 0 : 26220, 1, 2024/04/26, 14:59:58.511, 4532808636364, vstest.console.dll, GetTestExtensionFromType: Register extension with identifier data 'logger://Microsoft/TestPlatform/Extensions/Blame/v1' and type 'Microsoft.TestPlatform.Extensions.BlameDataCollector.BlameLogger, Microsoft.TestPlatform.Extensions.BlameDataCollector, Version=15.0.0.0, Culture=neutral, PublicKeyToken=b03f5f7f11d50a3a' inside file 'C:\Program Files\dotnet\sdk\8.0.101\Extensions\Microsoft.TestPlatform.Extensions.BlameDataCollector.dll'
TpTrace Verbose: 0 : 26220, 1, 2024/04/26, 14:59:58.511, 4532808637164, vstest.console.dll, MetadataReaderExtensionsHelper: Discovering extensions inside assembly 'Microsoft.TestPlatform.Extensions.EventLogCollector, Version=15.0.0.0, Culture=neutral, PublicKeyToken=b03f5f7f11d50a3a' file path 'C:\Program Files\dotnet\sdk\8.0.101\Extensions\Microsoft.TestPlatform.Extensions.EventLogCollector.dll'
TpTrace Verbose: 0 : 26220, 1, 2024/04/26, 14:59:58.511, 4532808644493, vstest.console.dll, MetadataReaderExtensionsHelper: Discovering extensions inside assembly 'Microsoft.TestPlatform.TestHostRuntimeProvider, Version=15.0.0.0, Culture=neutral, PublicKeyToken=b03f5f7f11d50a3a' file path 'C:\Program Files\dotnet\sdk\8.0.101\Extensions\Microsoft.TestPlatform.TestHostRuntimeProvider.dll'
TpTrace Verbose: 0 : 26220, 1, 2024/04/26, 14:59:58.512, 4532808651647, vstest.console.dll, MetadataReaderExtensionsHelper: Discovering extensions inside assembly 'Microsoft.VisualStudio.TestPlatform.Extensions.Html.TestLogger, Version=15.0.0.0, Culture=neutral, PublicKeyToken=b03f5f7f11d50a3a' file path 'C:\Program Files\dotnet\sdk\8.0.101\Extensions\Microsoft.VisualStudio.TestPlatform.Extensions.Html.TestLogger.dll'
TpTrace Information: 0 : 26220, 1, 2024/04/26, 14:59:58.513, 4532808660586, vstest.console.dll, GetTestExtensionFromType: Register extension with identifier data 'logger://Microsoft/TestPlatform/HtmlLogger/v1' and type 'Microsoft.VisualStudio.TestPlatform.Extensions.HtmlLogger.HtmlLogger, Microsoft.VisualStudio.TestPlatform.Extensions.Html.TestLogger, Version=15.0.0.0, Culture=neutral, PublicKeyToken=b03f5f7f11d50a3a' inside file 'C:\Program Files\dotnet\sdk\8.0.101\Extensions\Microsoft.VisualStudio.TestPlatform.Extensions.Html.TestLogger.dll'
TpTrace Verbose: 0 : 26220, 1, 2024/04/26, 14:59:58.513, 4532808661961, vstest.console.dll, MetadataReaderExtensionsHelper: Discovering extensions inside assembly 'Microsoft.VisualStudio.TestPlatform.Extensions.Trx.TestLogger, Version=15.0.0.0, Culture=neutral, PublicKeyToken=b03f5f7f11d50a3a' file path 'C:\Program Files\dotnet\sdk\8.0.101\Extensions\Microsoft.VisualStudio.TestPlatform.Extensions.Trx.TestLogger.dll'
TpTrace Information: 0 : 26220, 1, 2024/04/26, 14:59:58.514, 4532808669537, vstest.console.dll, GetTestExtensionFromType: Register extension with identifier data 'logger://Microsoft/TestPlatform/TrxLogger/v1' and type 'Microsoft.VisualStudio.TestPlatform.Extensions.TrxLogger.TrxLogger, Microsoft.VisualStudio.TestPlatform.Extensions.Trx.TestLogger, Version=15.0.0.0, Culture=neutral, PublicKeyToken=b03f5f7f11d50a3a' inside file 'C:\Program Files\dotnet\sdk\8.0.101\Extensions\Microsoft.VisualStudio.TestPlatform.Extensions.Trx.TestLogger.dll'
TpTrace Verbose: 0 : 26220, 1, 2024/04/26, 14:59:58.514, 4532808670992, vstest.console.dll, TestPluginCache: Discovered the extensions using extension path ''.
TpTrace Verbose: 0 : 26220, 1, 2024/04/26, 14:59:58.514, 4532808671730, vstest.console.dll, TestPluginCache: Discoverers are ''.
TpTrace Verbose: 0 : 26220, 1, 2024/04/26, 14:59:58.514, 4532808672386, vstest.console.dll, TestPluginCache: Executors are ''.
TpTrace Verbose: 0 : 26220, 1, 2024/04/26, 14:59:58.514, 4532808672693, vstest.console.dll, TestPluginCache: Executors2 are ''.
TpTrace Verbose: 0 : 26220, 1, 2024/04/26, 14:59:58.514, 4532808672996, vstest.console.dll, TestPluginCache: Setting providers are ''.
TpTrace Verbose: 0 : 26220, 1, 2024/04/26, 14:59:58.514, 4532808673757, vstest.console.dll, TestPluginCache: Loggers are 'logger://Microsoft/TestPlatform/Extensions/Blame/v1,logger://Microsoft/TestPlatform/HtmlLogger/v1,logger://Microsoft/TestPlatform/TrxLogger/v1'.
TpTrace Verbose: 0 : 26220, 1, 2024/04/26, 14:59:58.515, 4532808674714, vstest.console.dll, TestPluginCache: TestHosts are 'HostProvider://DefaultTestHost,HostProvider://DotnetTestHost'.
TpTrace Verbose: 0 : 26220, 1, 2024/04/26, 14:59:58.515, 4532808675135, vstest.console.dll, TestPluginCache: DataCollectors are ''.
TpTrace Information: 0 : 26220, 1, 2024/04/26, 14:59:58.515, 4532808683765, vstest.console.dll, TestPluginManager.CreateTestExtension: Attempting to load test extension: Microsoft.TestPlatform.Extensions.BlameDataCollector.BlameLogger
TpTrace Verbose: 0 : 26220, 1, 2024/04/26, 14:59:58.524, 4532808769201, vstest.console.dll, TestEngine: Initializing Parallel Execution as MaxCpuCount is set to: 1
TpTrace Information: 0 : 26220, 1, 2024/04/26, 14:59:58.525, 4532808782966, vstest.console.dll, TestPluginManager.CreateTestExtension: Attempting to load test extension: Microsoft.VisualStudio.TestPlatform.CrossPlatEngine.Hosting.DefaultTestHostManager
TpTrace Information: 0 : 26220, 1, 2024/04/26, 14:59:58.527, 4532808798427, vstest.console.dll, TestPluginManager.CreateTestExtension: Attempting to load test extension: Microsoft.VisualStudio.TestPlatform.CrossPlatEngine.Hosting.DotnetTestHostManager
TpTrace Information: 0 : 26220, 1, 2024/04/26, 14:59:58.527, 4532808803867, vstest.console.dll, InferRunSettingsHelper.IsTestSettingsEnabled: Unable to navigate to RunSettings/MSTest. Current node: RunSettings
TpTrace Verbose: 0 : 26220, 1, 2024/04/26, 14:59:58.528, 4532808810668, vstest.console.dll, ParallelOperationManager.ClearSlots: Clearing all slots. Slots should accept more work: True
TpTrace Verbose: 0 : 26220, 1, 2024/04/26, 14:59:58.529, 4532808816752, vstest.console.dll, ParallelOperationManager.SetOccupiedSlotCount: Setting slot counts AvailableSlotCount = 1, OccupiedSlotCount = 0.
TpTrace Verbose: 0 : 26220, 1, 2024/04/26, 14:59:58.529, 4532808820046, vstest.console.dll, Occupied slots:

TpTrace Verbose: 0 : 26220, 1, 2024/04/26, 14:59:58.532, 4532808851398, vstest.console.dll, TestEngine.GetExecutionManager: Chosen execution manager 'Microsoft.VisualStudio.TestPlatform.CrossPlatEngine.Client.Parallel.ParallelProxyExecutionManager, Microsoft.TestPlatform.CrossPlatEngine, Version=15.0.0.0, Culture=neutral, PublicKeyToken=b03f5f7f11d50a3a' ParallelLevel '1'.
TpTrace Verbose: 0 : 26220, 1, 2024/04/26, 14:59:58.532, 4532808852430, vstest.console.dll, TestRunRequest.ExecuteAsync: Creating test run request.
TpTrace Verbose: 0 : 26220, 1, 2024/04/26, 14:59:58.532, 4532808854382, vstest.console.dll, TestRunRequest.ExecuteAsync: Starting.
TpTrace Information: 0 : 26220, 1, 2024/04/26, 14:59:58.534, 4532808865398, vstest.console.dll, TestRunRequest.ExecuteAsync: Starting run with settings:TestRunCriteria:
   KeepAlive=False,FrequencyOfRunStatsChangeEvent=10,RunStatsChangeEventTimeout=00:00:01.5000000,TestCaseFilter=,TestExecutorLauncher=
   Settingsxml=<RunSettings>
  <RunConfiguration>
    <ResultsDirectory>C:\Users\Леново\Downloads\Retake_Exam\RevueTestExam\RevueTestExam\bin\Debug\net6.0\fine-code-coverage\coverage-tool-output</ResultsDirectory>
    <TargetPlatform>X64</TargetPlatform>
    <TargetFrameworkVersion>.NETCoreApp,Version=v6.0</TargetFrameworkVersion>
    <DesignMode>False</DesignMode>
    <CollectSourceInformation>False</CollectSourceInformation>
  </RunConfiguration>
  <LoggerRunSettings>
    <Loggers>
      <Logger friendlyName="blame" enabled="True" />
      <Logger friendlyName="Console" uri="logger://microsoft/TestPlatform/ConsoleLogger/v1" assemblyQualifiedName="Microsoft.VisualStudio.TestPlatform.CommandLine.Internal.ConsoleLogger, vstest.console, Version=15.0.0.0, Culture=neutral, PublicKeyToken=b03f5f7f11d50a3a" codeBase="C:\Program Files\dotnet\sdk\8.0.101\vstest.console.dll" enabled="True" />
    </Loggers>
  </LoggerRunSettings>
  <DataCollectionRunSettings>
    <DataCollectors>
      <DataCollector friendlyName="blame" enabled="True">
        <Configuration>
          <ResultsDirectory>C:\Users\Леново\Downloads\Retake_Exam\RevueTestExam\RevueTestExam\bin\Debug\net6.0\fine-code-coverage\coverage-tool-output</ResultsDirectory>
        </Configuration>
      </DataCollector>
    </DataCollectors>
  </DataCollectionRunSettings>
</RunSettings>

TpTrace Verbose: 0 : 26220, 1, 2024/04/26, 14:59:58.534, 4532808866067, vstest.console.dll, TestRunRequest.ExecuteAsync: Wait for the first run request is over.
TpTrace Verbose: 0 : 26220, 1, 2024/04/26, 14:59:58.534, 4532808868536, vstest.console.dll, MulticastDelegateUtilities.SafeInvoke: TestRun.TestRunStart: Invoking callbacks was skipped because there are no subscribers.
TpTrace Verbose: 0 : 26220, 4, 2024/04/26, 14:59:58.534, 4532808870559, vstest.console.dll, MulticastDelegateUtilities.SafeInvoke: InternalTestLoggerEvents.SendTestRunStart: Invoking callback 1/1 for Microsoft.VisualStudio.TestPlatform.CommandLine.Internal.ConsoleLogger., took 0 ms.
TpTrace Verbose: 0 : 26220, 1, 2024/04/26, 14:59:58.535, 4532808879994, vstest.console.dll, ParallelProxyExecutionManager: Start execution. Total sources: 1
TpTrace Verbose: 0 : 26220, 1, 2024/04/26, 14:59:58.535, 4532808883683, vstest.console.dll, ParallelOperationManager.StartWork: Starting adding 1 workloads.
TpTrace Verbose: 0 : 26220, 1, 2024/04/26, 14:59:58.536, 4532808884586, vstest.console.dll, ParallelOperationManager.ClearSlots: Clearing all slots. Slots should accept more work: True
TpTrace Verbose: 0 : 26220, 1, 2024/04/26, 14:59:58.536, 4532808885310, vstest.console.dll, ParallelOperationManager.SetOccupiedSlotCount: Setting slot counts AvailableSlotCount = 1, OccupiedSlotCount = 0.
TpTrace Verbose: 0 : 26220, 1, 2024/04/26, 14:59:58.536, 4532808885740, vstest.console.dll, Occupied slots:

TpTrace Verbose: 0 : 26220, 1, 2024/04/26, 14:59:58.537, 4532808899718, vstest.console.dll, TestRequestSender is acting as server.
TpTrace Verbose: 0 : 26220, 1, 2024/04/26, 14:59:58.539, 4532808917861, vstest.console.dll, ParallelOperationManager.RunWorkInParallel: Adding 1 workload to slot, remaining workloads 0.
TpTrace Verbose: 0 : 26220, 1, 2024/04/26, 14:59:58.539, 4532808918694, vstest.console.dll, ParallelOperationManager.SetOccupiedSlotCount: Setting slot counts AvailableSlotCount = 0, OccupiedSlotCount = 1.
TpTrace Verbose: 0 : 26220, 1, 2024/04/26, 14:59:58.539, 4532808919844, vstest.console.dll, Occupied slots:
0: C:\Users\Леново\Downloads\Retake_Exam\RevueTestExam\RevueTestExam\bin\Debug\net6.0\fine-code-coverage\build-output\RevueTestExam.dll
TpTrace Verbose: 0 : 26220, 1, 2024/04/26, 14:59:58.540, 4532808930129, vstest.console.dll, ParallelOperationManager.RunWorkInParallel: Started host in slot number 0 for work (source): C:\Users\Леново\Downloads\Retake_Exam\RevueTestExam\RevueTestExam\bin\Debug\net6.0\fine-code-coverage\build-output\RevueTestExam.dll.
TpTrace Verbose: 0 : 26220, 1, 2024/04/26, 14:59:58.541, 4532808939958, vstest.console.dll, ParallelOperationManager.RunWorkInParallel: We started 1 work items, which is the max parallel level. Won't start more work.
TpTrace Verbose: 0 : 26220, 1, 2024/04/26, 14:59:58.541, 4532808940804, vstest.console.dll, ParallelOperationManager.RunWorkInParallel: We started 1 work items in here, returning True.
TpTrace Information: 0 : 26220, 1, 2024/04/26, 14:59:58.541, 4532808941933, vstest.console.dll, TestRunRequest.ExecuteAsync: Started.
TpTrace Verbose: 0 : 26220, 5, 2024/04/26, 14:59:58.541, 4532808943138, vstest.console.dll, ParallelProxyExecutionManager.StartTestRunOnConcurrentManager: Initializing uninitialized client. Started clients: 0
TpTrace Verbose: 0 : 26220, 5, 2024/04/26, 14:59:58.542, 4532808944891, vstest.console.dll, DataCollectionRequestSender.InitializeCommunication : Initialize communication. 
TpTrace Verbose: 0 : 26220, 1, 2024/04/26, 14:59:58.542, 4532808950540, vstest.console.dll, TestRunRequest.WaitForCompletion: Waiting with timeout -1.
TpTrace Information: 0 : 26220, 5, 2024/04/26, 14:59:58.549, 4532809017057, vstest.console.dll, Listening on Endpoint : 127.0.0.1:55208
TpTrace Verbose: 0 : 26220, 5, 2024/04/26, 14:59:58.556, 4532809087024, vstest.console.dll, DotnetDataCollectionLauncher: Adding  --runtimeconfig "C:\Program Files\dotnet\sdk\8.0.101\datacollector.runtimeconfig.json" in args
TpTrace Verbose: 0 : 26220, 5, 2024/04/26, 14:59:58.556, 4532809088313, vstest.console.dll, DotnetDataCollectionLauncher: Adding  --depsfile "C:\Program Files\dotnet\sdk\8.0.101\datacollector.deps.json" in args
TpTrace Verbose: 0 : 26220, 5, 2024/04/26, 14:59:58.556, 4532809091654, vstest.console.dll, DotnetDataCollectionLauncher: Full path of dotnet.exe is C:\Program Files\dotnet\dotnet.exe
TpTrace Information: 0 : 26220, 5, 2024/04/26, 14:59:58.563, 4532809161122, vstest.console.dll, ProxyDataCollectionManager.Initialize: Launched datacollector processId: 27748 port: 55208
TpTrace Information: 0 : 26220, 5, 2024/04/26, 14:59:58.563, 4532809163288, vstest.console.dll, ProxyDataCollectionManager.Initialize: waiting for connection with timeout: 90 seconds
TpTrace Verbose: 0 : 26220, 5, 2024/04/26, 14:59:58.563, 4532809163936, vstest.console.dll, DataCollectionRequestSender.WaitForRequestHandlerConnection : Waiting for connection with timeout: 90000
TpTrace Information: 0 : 26220, 7, 2024/04/26, 14:59:58.759, 4532811118490, vstest.console.dll, Using the buffer size of 16384 bytes
TpTrace Verbose: 0 : 26220, 5, 2024/04/26, 14:59:58.759, 4532811118659, vstest.console.dll, SocketCommunicationManager.WaitForClientConnection took: 195 ms, with 90000 ms timeout, and finished with True.
TpTrace Information: 0 : 26220, 7, 2024/04/26, 14:59:58.759, 4532811120301, vstest.console.dll, Accepted Client request and set the flag
TpTrace Verbose: 0 : 26220, 5, 2024/04/26, 14:59:58.759, 4532811121864, vstest.console.dll, ProxyDataCollectionManager.InvokeDataCollectionServiceAction: Starting.
TpTrace Information: 0 : 26220, 5, 2024/04/26, 14:59:58.759, 4532811122728, vstest.console.dll, ProxyDataCollectionManager.BeforeTestRunStart: Get environment variable and port for datacollector processId: 27748 port: 55208
TpTrace Verbose: 0 : 26220, 5, 2024/04/26, 14:59:58.759, 4532811123900, vstest.console.dll, DataCollectionRequestSender.SendBeforeTestRunStartAndGetResult: Send BeforeTestRunStart message with settingsXml <RunSettings><RunConfiguration><ResultsDirectory>C:\Users\Леново\Downloads\Retake_Exam\RevueTestExam\RevueTestExam\bin\Debug\net6.0\fine-code-coverage\coverage-tool-output</ResultsDirectory><TargetPlatform>X64</TargetPlatform><TargetFrameworkVersion>.NETCoreApp,Version=v6.0</TargetFrameworkVersion><DesignMode>False</DesignMode><CollectSourceInformation>False</CollectSourceInformation><TestAdaptersPaths>C:\Program Files\dotnet\sdk\8.0.101\Extensions</TestAdaptersPaths></RunConfiguration><LoggerRunSettings><Loggers><Logger friendlyName="blame" enabled="True" /><Logger friendlyName="Console" uri="logger://microsoft/TestPlatform/ConsoleLogger/v1" assemblyQualifiedName="Microsoft.VisualStudio.TestPlatform.CommandLine.Internal.ConsoleLogger, vstest.console, Version=15.0.0.0, Culture=neutral, PublicKeyToken=b03f5f7f11d50a3a" codeBase="C:\Program Files\dotnet\sdk\8.0.101\vstest.console.dll" enabled="True" /></Loggers></LoggerRunSettings><DataCollectionRunSettings><DataCollectors><DataCollector friendlyName="blame" enabled="True"><Configuration><ResultsDirectory>C:\Users\Леново\Downloads\Retake_Exam\RevueTestExam\RevueTestExam\bin\Debug\net6.0\fine-code-coverage\coverage-tool-output</ResultsDirectory></Configuration></DataCollector></DataCollectors></DataCollectionRunSettings></RunSettings> and sources System.Collections.Generic.List`1[System.String]: 
TpTrace Verbose: 0 : 26220, 5, 2024/04/26, 14:59:58.831, 4532811835377, vstest.console.dll, DataCollectionRequestSender.SendBeforeTestRunStartAndGetResult: Received message: (DataCollection.SendMessage) -> {"MessageType":"DataCollection.SendMessage","Payload":{"FriendlyName":null,"Uri":null,"TestCaseId":"00000000-0000-0000-0000-000000000000","Message":"Logging DataCollector Diagnostics in file: C:\\Users\\Леново\\Downloads\\Retake_Exam\\RevueTestExam\\RevueTestExam\\bin\\Debug\\net6.0\\fine-code-coverage\\coverage-tool-output\\diagnostics.datacollector.24-04-26_14-59-58_55601_5.log","Level":0}}
TpTrace Verbose: 0 : 26220, 5, 2024/04/26, 14:59:58.960, 4532813134532, vstest.console.dll, DataCollectionRequestSender.SendBeforeTestRunStartAndGetResult: Received message: (DataCollection.BeforeTestRunStartResult) -> {"MessageType":"DataCollection.BeforeTestRunStartResult","Payload":{"EnvironmentVariables":{},"DataCollectionEventsPort":55210}}
TpTrace Information: 0 : 26220, 5, 2024/04/26, 14:59:58.965, 4532813183402, vstest.console.dll, ProxyDataCollectionManager.BeforeTestRunStart: SendBeforeTestRunStartAndGetResult successful, env variable from datacollector:   and testhost port: 55210
TpTrace Information: 0 : 26220, 5, 2024/04/26, 14:59:58.966, 4532813184512, vstest.console.dll, ProxyDataCollectionManager.InvokeDataCollectionServiceAction: Completed.
TpTrace Verbose: 0 : 26220, 5, 2024/04/26, 14:59:58.966, 4532813185010, vstest.console.dll, ParallelProxyExecutionManager.StartTestRunOnConcurrentManager: Initializing test run. Started clients: 0
TpTrace Verbose: 0 : 26220, 5, 2024/04/26, 14:59:58.966, 4532813185853, vstest.console.dll, ProxyExecutionManager: Test host is always Lazy initialize.
TpTrace Verbose: 0 : 26220, 5, 2024/04/26, 14:59:58.966, 4532813188457, vstest.console.dll, TestRequestSender.InitializeCommunication: initialize communication. 
TpTrace Information: 0 : 26220, 5, 2024/04/26, 14:59:58.966, 4532813192905, vstest.console.dll, SocketServer.Start: Listening on endpoint : 127.0.0.1:55211
TpTrace Verbose: 0 : 26220, 5, 2024/04/26, 14:59:58.967, 4532813199515, vstest.console.dll, DotnetTestHostmanager.GetTestHostProcessStartInfo: Platform environment 'X64' target architecture 'X64' framework '.NETCoreApp,Version=v6.0' OS 'Windows'
TpTrace Verbose: 0 : 26220, 5, 2024/04/26, 14:59:58.967, 4532813201775, vstest.console.dll, DotnetTestHostmanager: Adding  --runtimeconfig "C:\Users\Леново\Downloads\Retake_Exam\RevueTestExam\RevueTestExam\bin\Debug\net6.0\fine-code-coverage\build-output\RevueTestExam.runtimeconfig.json" in args
TpTrace Verbose: 0 : 26220, 5, 2024/04/26, 14:59:58.967, 4532813203403, vstest.console.dll, DotnetTestHostmanager: Adding  --depsfile "C:\Users\Леново\Downloads\Retake_Exam\RevueTestExam\RevueTestExam\bin\Debug\net6.0\fine-code-coverage\build-output\RevueTestExam.deps.json" in args
TpTrace Verbose: 0 : 26220, 5, 2024/04/26, 14:59:58.968, 4532813205045, vstest.console.dll, DotnetTestHostmanager.IsWinOnArm: Current PROCESSOR_ARCHITECTURE from environment variable 'AMD64'
TpTrace Verbose: 0 : 26220, 5, 2024/04/26, 14:59:58.968, 4532813205699, vstest.console.dll, DotnetTestHostmanager.IsWinOnArm: Is Windows on ARM 'False'
TpTrace Verbose: 0 : 26220, 5, 2024/04/26, 14:59:58.968, 4532813206827, vstest.console.dll, DotnetTestHostManager: testhost.exe found at path: C:\Users\Леново\Downloads\Retake_Exam\RevueTestExam\RevueTestExam\bin\Debug\net6.0\fine-code-coverage\build-output\testhost.exe
TpTrace Verbose: 0 : 26220, 5, 2024/04/26, 14:59:58.968, 4532813207524, vstest.console.dll, DotnetTestHostmanager: Full path of host exe is C:\Users\Леново\Downloads\Retake_Exam\RevueTestExam\RevueTestExam\bin\Debug\net6.0\fine-code-coverage\build-output\testhost.exe
TpTrace Verbose: 0 : 26220, 5, 2024/04/26, 14:59:58.968, 4532813208719, vstest.console.dll, DotnetTestHostmanager.LaunchTestHostAsync: Found 'VSTEST_WINAPPHOST_DOTNET_ROOT' in env variables, value 'C:\Program Files\dotnet', forwarding to 'DOTNET_ROOT'
TpTrace Verbose: 0 : 26220, 5, 2024/04/26, 14:59:58.968, 4532813210050, vstest.console.dll, DotnetTestHostManager: Starting process 'C:\Users\Леново\Downloads\Retake_Exam\RevueTestExam\RevueTestExam\bin\Debug\net6.0\fine-code-coverage\build-output\testhost.exe' with command line ' --runtimeconfig "C:\Users\Леново\Downloads\Retake_Exam\RevueTestExam\RevueTestExam\bin\Debug\net6.0\fine-code-coverage\build-output\RevueTestExam.runtimeconfig.json" --depsfile "C:\Users\Леново\Downloads\Retake_Exam\RevueTestExam\RevueTestExam\bin\Debug\net6.0\fine-code-coverage\build-output\RevueTestExam.deps.json" --port 55211 --endpoint 127.0.0.1:055211 --role client --parentprocessid 26220 --diag "C:\Users\Леново\Downloads\Retake_Exam\RevueTestExam\RevueTestExam\bin\Debug\net6.0\fine-code-coverage\coverage-tool-output\diagnostics.host.24-04-26_14-59-58_96714_5.log" --tracelevel 4 --datacollectionport 55210 --telemetryoptedin false'
TpTrace Verbose: 0 : 26220, 5, 2024/04/26, 14:59:58.980, 4532813328180, vstest.console.dll, MulticastDelegateUtilities.SafeInvoke: HostProviderEvents.OnHostLaunched: Invoking callback 1/2 for Microsoft.VisualStudio.TestPlatform.CrossPlatEngine.Client.ProxyExecutionManagerWithDataCollection., took 1 ms.
TpTrace Verbose: 0 : 26220, 5, 2024/04/26, 14:59:58.980, 4532813332705, vstest.console.dll, Test Runtime launched
TpTrace Verbose: 0 : 26220, 5, 2024/04/26, 14:59:58.980, 4532813333817, vstest.console.dll, MulticastDelegateUtilities.SafeInvoke: HostProviderEvents.OnHostLaunched: Invoking callback 2/2 for Microsoft.VisualStudio.TestPlatform.CrossPlatEngine.Client.ProxyOperationManager., took 0 ms.
TpTrace Verbose: 0 : 26220, 5, 2024/04/26, 14:59:58.981, 4532813335830, vstest.console.dll, TestRequestSender.WaitForRequestHandlerConnection: waiting for connection with timeout: 90000.
TpTrace Verbose: 0 : 26220, 5, 2024/04/26, 14:59:59.280, 4532816325048, vstest.console.dll, TestRequestSender.WaitForRequestHandlerConnection: waiting took 298 ms, with timeout 90000 ms, and result 0, which is success.
TpTrace Verbose: 0 : 26220, 12, 2024/04/26, 14:59:59.280, 4532816325108, vstest.console.dll, MulticastDelegateUtilities.SafeInvoke: SocketServer: ClientConnected: Invoking callback 1/1 for Microsoft.VisualStudio.TestPlatform.CommunicationUtilities.TestRequestSender., took 0 ms.
TpTrace Verbose: 0 : 26220, 12, 2024/04/26, 14:59:59.280, 4532816328741, vstest.console.dll, SocketServer.OnClientConnected: Client connected for endPoint: 127.0.0.1:55211, starting MessageLoopAsync:
TpTrace Verbose: 0 : 26220, 13, 2024/04/26, 14:59:59.281, 4532816335926, vstest.console.dll, TcpClientExtensions.MessageLoopAsync: Polling on remoteEndPoint: 127.0.0.1:55212 localEndPoint: 127.0.0.1:55211
TpTrace Verbose: 0 : 26220, 5, 2024/04/26, 14:59:59.281, 4532816340628, vstest.console.dll, TestRequestSender.CheckVersionWithTestHost: Sending check version message: {"MessageType":"ProtocolVersion","Payload":7}
TpTrace Verbose: 0 : 26220, 13, 2024/04/26, 14:59:59.476, 4532818290739, vstest.console.dll, TcpClientExtensions.MessageLoopAsync: NotifyDataAvailable remoteEndPoint: 127.0.0.1:55212 localEndPoint: 127.0.0.1:55211
TpTrace Verbose: 0 : 26220, 13, 2024/04/26, 14:59:59.476, 4532818293438, vstest.console.dll, TestRequestSender.CheckVersionWithTestHost: onMessageReceived received message: (ProtocolVersion) -> {"MessageType":"ProtocolVersion","Payload":7}
TpTrace Verbose: 0 : 26220, 13, 2024/04/26, 14:59:59.477, 4532818300090, vstest.console.dll, MulticastDelegateUtilities.SafeInvoke: LengthPrefixCommunicationChannel: MessageReceived: Invoking callback 1/1 for Microsoft.VisualStudio.TestPlatform.CommunicationUtilities.TestRequestSender+<>c__DisplayClass29_0., took 0 ms.
TpTrace Verbose: 0 : 26220, 13, 2024/04/26, 14:59:59.477, 4532818301203, vstest.console.dll, TcpClientExtensions.MessageLoopAsync: Polling on remoteEndPoint: 127.0.0.1:55212 localEndPoint: 127.0.0.1:55211
TpTrace Verbose: 0 : 26220, 5, 2024/04/26, 14:59:59.477, 4532818301200, vstest.console.dll, TestPluginCache.GetExtensionPaths: Filtered extension paths: 
TpTrace Verbose: 0 : 26220, 5, 2024/04/26, 14:59:59.477, 4532818302873, vstest.console.dll, TestPluginCache.GetExtensionPaths: Added default extension paths: C:\Program Files\dotnet\sdk\8.0.101\Extensions\Microsoft.Diagnostics.NETCore.Client.dll
C:\Program Files\dotnet\sdk\8.0.101\Extensions\Microsoft.TestPlatform.Extensions.BlameDataCollector.dll
C:\Program Files\dotnet\sdk\8.0.101\Extensions\Microsoft.TestPlatform.Extensions.EventLogCollector.dll
C:\Program Files\dotnet\sdk\8.0.101\Extensions\Microsoft.TestPlatform.TestHostRuntimeProvider.dll
C:\Program Files\dotnet\sdk\8.0.101\Extensions\Microsoft.VisualStudio.TestPlatform.Extensions.Html.TestLogger.dll
C:\Program Files\dotnet\sdk\8.0.101\Extensions\Microsoft.VisualStudio.TestPlatform.Extensions.Trx.TestLogger.dll
TpTrace Verbose: 0 : 26220, 5, 2024/04/26, 14:59:59.477, 4532818304033, vstest.console.dll, TestPluginCache.GetExtensionPaths: Added unfilterableExtensionPaths: 
TpTrace Verbose: 0 : 26220, 5, 2024/04/26, 14:59:59.485, 4532818377347, vstest.console.dll, TestRequestSender.InitializeExecution: Sending initialize execution with message: {"Version":7,"MessageType":"TestExecution.Initialize","Payload":["C:\\Users\\Леново\\Downloads\\Retake_Exam\\RevueTestExam\\RevueTestExam\\bin\\Debug\\net6.0\\fine-code-coverage\\build-output\\NUnit3.TestAdapter.dll"]}
TpTrace Verbose: 0 : 26220, 5, 2024/04/26, 14:59:59.485, 4532818379922, vstest.console.dll, ParallelProxyExecutionManager.StartTestRunOnConcurrentManager: Execution starting. Started clients: 1
TpTrace Verbose: 0 : 26220, 5, 2024/04/26, 14:59:59.485, 4532818382917, vstest.console.dll, TestRunRequest:SendTestRunMessage: Starting.
TpTrace Verbose: 0 : 26220, 5, 2024/04/26, 14:59:59.486, 4532818384695, vstest.console.dll, MulticastDelegateUtilities.SafeInvoke: TestRun.LogMessages: Invoking callback 1/1 for Microsoft.VisualStudio.TestPlatform.CommandLine.TestRunResultAggregator., took 0 ms.
TpTrace Information: 0 : 26220, 5, 2024/04/26, 14:59:59.486, 4532818385379, vstest.console.dll, TestRunRequest:SendTestRunMessage: Completed.
TpTrace Verbose: 0 : 26220, 4, 2024/04/26, 14:59:59.486, 4532818386762, vstest.console.dll, MulticastDelegateUtilities.SafeInvoke: InternalTestLoggerEvents.SendTestRunMessage: Invoking callback 1/1 for Microsoft.VisualStudio.TestPlatform.CommandLine.Internal.ConsoleLogger., took 0 ms.
TpTrace Warning: 0 : 26220, 5, 2024/04/26, 14:59:59.486, 4532818389480, vstest.console.dll, InferRunSettingsHelper.MakeRunsettingsCompatible: Removing the following settings: TargetPlatform from RunSettings file. To use those settings please move to latest version of Microsoft.NET.Test.Sdk
TpTrace Verbose: 0 : 26220, 13, 2024/04/26, 14:59:59.488, 4532818407198, vstest.console.dll, TcpClientExtensions.MessageLoopAsync: NotifyDataAvailable remoteEndPoint: 127.0.0.1:55212 localEndPoint: 127.0.0.1:55211
TpTrace Verbose: 0 : 26220, 13, 2024/04/26, 14:59:59.488, 4532818412462, vstest.console.dll, TestRequestSender.OnExecutionMessageReceived: Received message: {"Version":7,"MessageType":"TestSession.Message","Payload":{"MessageLevel":0,"Message":"Logging TestHost Diagnostics in file: C:\\Users\\Леново\\Downloads\\Retake_Exam\\RevueTestExam\\RevueTestExam\\bin\\Debug\\net6.0\\fine-code-coverage\\coverage-tool-output\\diagnostics.host.24-04-26_14-59-58_96714_5.log"}}
TpTrace Verbose: 0 : 26220, 13, 2024/04/26, 14:59:59.491, 4532818439859, vstest.console.dll, TestRunRequest:SendTestRunMessage: Starting.
TpTrace Verbose: 0 : 26220, 13, 2024/04/26, 14:59:59.491, 4532818441585, vstest.console.dll, MulticastDelegateUtilities.SafeInvoke: TestRun.LogMessages: Invoking callback 1/1 for Microsoft.VisualStudio.TestPlatform.CommandLine.TestRunResultAggregator., took 0 ms.
TpTrace Verbose: 0 : 26220, 4, 2024/04/26, 14:59:59.491, 4532818441848, vstest.console.dll, MulticastDelegateUtilities.SafeInvoke: InternalTestLoggerEvents.SendTestRunMessage: Invoking callback 1/1 for Microsoft.VisualStudio.TestPlatform.CommandLine.Internal.ConsoleLogger., took 0 ms.
TpTrace Information: 0 : 26220, 13, 2024/04/26, 14:59:59.491, 4532818442168, vstest.console.dll, TestRunRequest:SendTestRunMessage: Completed.
TpTrace Verbose: 0 : 26220, 13, 2024/04/26, 14:59:59.491, 4532818444430, vstest.console.dll, MulticastDelegateUtilities.SafeInvoke: LengthPrefixCommunicationChannel: MessageReceived: Invoking callback 1/1 for Microsoft.VisualStudio.TestPlatform.CommunicationUtilities.TestRequestSender+<>c__DisplayClass34_0., took 3 ms.
TpTrace Verbose: 0 : 26220, 13, 2024/04/26, 14:59:59.492, 4532818445004, vstest.console.dll, TcpClientExtensions.MessageLoopAsync: Polling on remoteEndPoint: 127.0.0.1:55212 localEndPoint: 127.0.0.1:55211
TpTrace Verbose: 0 : 26220, 5, 2024/04/26, 14:59:59.493, 4532818458830, vstest.console.dll, TestRequestSender.StartTestRun: Sending test run with message: {"Version":7,"MessageType":"TestExecution.StartWithSources","Payload":{"AdapterSourceMap":{"_none_":["C:\\Users\\Леново\\Downloads\\Retake_Exam\\RevueTestExam\\RevueTestExam\\bin\\Debug\\net6.0\\fine-code-coverage\\build-output\\RevueTestExam.dll"]},"RunSettings":"<RunSettings>\r\n  <RunConfiguration>\r\n    <ResultsDirectory>C:\\Users\\Леново\\Downloads\\Retake_Exam\\RevueTestExam\\RevueTestExam\\bin\\Debug\\net6.0\\fine-code-coverage\\coverage-tool-output</ResultsDirectory>\r\n    <TargetFrameworkVersion>.NETCoreApp,Version=v6.0</TargetFrameworkVersion>\r\n    <DesignMode>False</DesignMode>\r\n    <CollectSourceInformation>False</CollectSourceInformation>\r\n  </RunConfiguration>\r\n  <LoggerRunSettings>\r\n    <Loggers>\r\n      <Logger friendlyName=\"blame\" enabled=\"True\" />\r\n      <Logger friendlyName=\"Console\" uri=\"logger://microsoft/TestPlatform/ConsoleLogger/v1\" assemblyQualifiedName=\"Microsoft.VisualStudio.TestPlatform.CommandLine.Internal.ConsoleLogger, vstest.console, Version=15.0.0.0, Culture=neutral, PublicKeyToken=b03f5f7f11d50a3a\" codeBase=\"C:\\Program Files\\dotnet\\sdk\\8.0.101\\vstest.console.dll\" enabled=\"True\" />\r\n    </Loggers>\r\n  </LoggerRunSettings>\r\n  <DataCollectionRunSettings>\r\n    <DataCollectors>\r\n      <DataCollector friendlyName=\"blame\" enabled=\"True\">\r\n        <Configuration>\r\n          <ResultsDirectory>C:\\Users\\Леново\\Downloads\\Retake_Exam\\RevueTestExam\\RevueTestExam\\bin\\Debug\\net6.0\\fine-code-coverage\\coverage-tool-output</ResultsDirectory>\r\n        </Configuration>\r\n      </DataCollector>\r\n    </DataCollectors>\r\n  </DataCollectionRunSettings>\r\n</RunSettings>","TestExecutionContext":{"FrequencyOfRunStatsChangeEvent":10,"RunStatsChangeEventTimeout":"00:00:01.5000000","InIsolation":false,"KeepAlive":false,"AreTestCaseLevelEventsRequired":false,"IsDebug":false,"TestCaseFilter":null,"FilterOptions":null},"Package":null}}
TpTrace Verbose: 0 : 26220, 5, 2024/04/26, 14:59:59.493, 4532818461149, vstest.console.dll, ParallelProxyExecutionManager.StartTestRunOnConcurrentManager: Execution started. Started clients: 1
TpTrace Verbose: 0 : 26220, 13, 2024/04/26, 14:59:59.703, 4532820564164, vstest.console.dll, TcpClientExtensions.MessageLoopAsync: NotifyDataAvailable remoteEndPoint: 127.0.0.1:55212 localEndPoint: 127.0.0.1:55211
TpTrace Verbose: 0 : 26220, 13, 2024/04/26, 14:59:59.704, 4532820565820, vstest.console.dll, TestRequestSender.OnExecutionMessageReceived: Received message: {"Version":7,"MessageType":"TestSession.Message","Payload":{"MessageLevel":0,"Message":"NUnit Adapter 4.4.0.0: Test execution started"}}
TpTrace Verbose: 0 : 26220, 13, 2024/04/26, 14:59:59.704, 4532820568121, vstest.console.dll, TestRunRequest:SendTestRunMessage: Starting.
TpTrace Verbose: 0 : 26220, 13, 2024/04/26, 14:59:59.704, 4532820569090, vstest.console.dll, MulticastDelegateUtilities.SafeInvoke: TestRun.LogMessages: Invoking callback 1/1 for Microsoft.VisualStudio.TestPlatform.CommandLine.TestRunResultAggregator., took 0 ms.
TpTrace Verbose: 0 : 26220, 4, 2024/04/26, 14:59:59.704, 4532820569728, vstest.console.dll, MulticastDelegateUtilities.SafeInvoke: InternalTestLoggerEvents.SendTestRunMessage: Invoking callback 1/1 for Microsoft.VisualStudio.TestPlatform.CommandLine.Internal.ConsoleLogger., took 0 ms.
TpTrace Information: 0 : 26220, 13, 2024/04/26, 14:59:59.704, 4532820569951, vstest.console.dll, TestRunRequest:SendTestRunMessage: Completed.
TpTrace Verbose: 0 : 26220, 13, 2024/04/26, 14:59:59.704, 4532820571118, vstest.console.dll, MulticastDelegateUtilities.SafeInvoke: LengthPrefixCommunicationChannel: MessageReceived: Invoking callback 1/1 for Microsoft.VisualStudio.TestPlatform.CommunicationUtilities.TestRequestSender+<>c__DisplayClass34_0., took 0 ms.
TpTrace Verbose: 0 : 26220, 13, 2024/04/26, 14:59:59.704, 4532820571817, vstest.console.dll, TcpClientExtensions.MessageLoopAsync: Polling on remoteEndPoint: 127.0.0.1:55212 localEndPoint: 127.0.0.1:55211
TpTrace Verbose: 0 : 26220, 13, 2024/04/26, 14:59:59.742, 4532820950523, vstest.console.dll, TcpClientExtensions.MessageLoopAsync: NotifyDataAvailable remoteEndPoint: 127.0.0.1:55212 localEndPoint: 127.0.0.1:55211
TpTrace Verbose: 0 : 26220, 13, 2024/04/26, 14:59:59.742, 4532820952294, vstest.console.dll, TestRequestSender.OnExecutionMessageReceived: Received message: {"Version":7,"MessageType":"TestSession.Message","Payload":{"MessageLevel":0,"Message":"Running all tests in C:\\Users\\Леново\\Downloads\\Retake_Exam\\RevueTestExam\\RevueTestExam\\bin\\Debug\\net6.0\\fine-code-coverage\\build-output\\RevueTestExam.dll"}}
TpTrace Verbose: 0 : 26220, 13, 2024/04/26, 14:59:59.742, 4532820954040, vstest.console.dll, TestRunRequest:SendTestRunMessage: Starting.
TpTrace Verbose: 0 : 26220, 13, 2024/04/26, 14:59:59.743, 4532820954965, vstest.console.dll, MulticastDelegateUtilities.SafeInvoke: TestRun.LogMessages: Invoking callback 1/1 for Microsoft.VisualStudio.TestPlatform.CommandLine.TestRunResultAggregator., took 0 ms.
TpTrace Verbose: 0 : 26220, 4, 2024/04/26, 14:59:59.743, 4532820955436, vstest.console.dll, MulticastDelegateUtilities.SafeInvoke: InternalTestLoggerEvents.SendTestRunMessage: Invoking callback 1/1 for Microsoft.VisualStudio.TestPlatform.CommandLine.Internal.ConsoleLogger., took 0 ms.
TpTrace Information: 0 : 26220, 13, 2024/04/26, 14:59:59.743, 4532820955546, vstest.console.dll, TestRunRequest:SendTestRunMessage: Completed.
TpTrace Verbose: 0 : 26220, 13, 2024/04/26, 14:59:59.743, 4532820956708, vstest.console.dll, MulticastDelegateUtilities.SafeInvoke: LengthPrefixCommunicationChannel: MessageReceived: Invoking callback 1/1 for Microsoft.VisualStudio.TestPlatform.CommunicationUtilities.TestRequestSender+<>c__DisplayClass34_0., took 0 ms.
TpTrace Verbose: 0 : 26220, 13, 2024/04/26, 14:59:59.743, 4532820957695, vstest.console.dll, TcpClientExtensions.MessageLoopAsync: Polling on remoteEndPoint: 127.0.0.1:55212 localEndPoint: 127.0.0.1:55211
TpTrace Verbose: 0 : 26220, 13, 2024/04/26, 14:59:59.923, 4532822762090, vstest.console.dll, TcpClientExtensions.MessageLoopAsync: NotifyDataAvailable remoteEndPoint: 127.0.0.1:55212 localEndPoint: 127.0.0.1:55211
TpTrace Verbose: 0 : 26220, 13, 2024/04/26, 14:59:59.923, 4532822763963, vstest.console.dll, TestRequestSender.OnExecutionMessageReceived: Received message: {"Version":7,"MessageType":"TestSession.Message","Payload":{"MessageLevel":0,"Message":"   NUnit3TestExecutor discovered 7 of 7 NUnit test cases using Current Discovery mode, Non-Explicit run"}}
TpTrace Verbose: 0 : 26220, 13, 2024/04/26, 14:59:59.924, 4532822765200, vstest.console.dll, TestRunRequest:SendTestRunMessage: Starting.
TpTrace Verbose: 0 : 26220, 13, 2024/04/26, 14:59:59.924, 4532822765891, vstest.console.dll, MulticastDelegateUtilities.SafeInvoke: TestRun.LogMessages: Invoking callback 1/1 for Microsoft.VisualStudio.TestPlatform.CommandLine.TestRunResultAggregator., took 0 ms.
TpTrace Information: 0 : 26220, 13, 2024/04/26, 14:59:59.924, 4532822766308, vstest.console.dll, TestRunRequest:SendTestRunMessage: Completed.
TpTrace Verbose: 0 : 26220, 4, 2024/04/26, 14:59:59.924, 4532822766239, vstest.console.dll, MulticastDelegateUtilities.SafeInvoke: InternalTestLoggerEvents.SendTestRunMessage: Invoking callback 1/1 for Microsoft.VisualStudio.TestPlatform.CommandLine.Internal.ConsoleLogger., took 0 ms.
TpTrace Verbose: 0 : 26220, 13, 2024/04/26, 14:59:59.924, 4532822766768, vstest.console.dll, MulticastDelegateUtilities.SafeInvoke: LengthPrefixCommunicationChannel: MessageReceived: Invoking callback 1/1 for Microsoft.VisualStudio.TestPlatform.CommunicationUtilities.TestRequestSender+<>c__DisplayClass34_0., took 0 ms.
TpTrace Verbose: 0 : 26220, 13, 2024/04/26, 14:59:59.924, 4532822768806, vstest.console.dll, TcpClientExtensions.MessageLoopAsync: Polling on remoteEndPoint: 127.0.0.1:55212 localEndPoint: 127.0.0.1:55211
TpTrace Verbose: 0 : 26220, 13, 2024/04/26, 15:00:00.928, 4532832805894, vstest.console.dll, TcpClientExtensions.MessageLoopAsync: Polling on remoteEndPoint: 127.0.0.1:55212 localEndPoint: 127.0.0.1:55211
TpTrace Verbose: 0 : 26220, 13, 2024/04/26, 15:00:01.163, 4532835159901, vstest.console.dll, TcpClientExtensions.MessageLoopAsync: NotifyDataAvailable remoteEndPoint: 127.0.0.1:55212 localEndPoint: 127.0.0.1:55211
TpTrace Verbose: 0 : 26220, 13, 2024/04/26, 15:00:01.164, 4532835165208, vstest.console.dll, TestRequestSender.OnExecutionMessageReceived: Received message: {"Version":7,"MessageType":"TestExecution.StatsChange","Payload":{"NewTestResults":[{"TestCase":{"Id":"7efdf798-ef09-51a6-f746-ec49b9996e8b","FullyQualifiedName":"RevueTestExam.RevueAPITests.CreateANewRevueWithTheRequiredFields_ShouldSucceed","DisplayName":"CreateANewRevueWithTheRequiredFields_ShouldSucceed","ExecutorUri":"executor://NUnit3TestExecutor","Source":"C:\\Users\\Леново\\Downloads\\Retake_Exam\\RevueTestExam\\RevueTestExam\\bin\\Debug\\net6.0\\fine-code-coverage\\build-output\\RevueTestExam.dll","CodeFilePath":null,"LineNumber":0,"Properties":[{"Key":{"Id":"NUnit.Seed","Label":"Seed","Category":"","Description":"","Attributes":0,"ValueType":"System.String"},"Value":"1193120687"}]},"Attachments":[],"Outcome":1,"ErrorMessage":null,"ErrorStackTrace":null,"DisplayName":"CreateANewRevueWithTheRequiredFields_ShouldSucceed","Messages":[],"ComputerName":"DESKTOP-0IPKJSK","Duration":"00:00:00.2480870","StartTime":"2024-04-26T12:00:00.6055768+00:00","EndTime":"2024-04-26T12:00:00.8534512+00:00","Properties":[{"Key":{"Id":"NUnit.Seed","Label":"Seed","Category":"","Description":"","Attributes":0,"ValueType":"System.String"},"Value":"1193120687"}]},{"TestCase":{"Id":"35debe9e-378f-80e7-a434-ea4eb3050047","FullyQualifiedName":"RevueTestExam.RevueAPITests.GetAllRevues_ShouldReturnNonEmptyArray","DisplayName":"GetAllRevues_ShouldReturnNonEmptyArray","ExecutorUri":"executor://NUnit3TestExecutor","Source":"C:\\Users\\Леново\\Downloads\\Retake_Exam\\RevueTestExam\\RevueTestExam\\bin\\Debug\\net6.0\\fine-code-coverage\\build-output\\RevueTestExam.dll","CodeFilePath":null,"LineNumber":0,"Properties":[{"Key":{"Id":"NUnit.Seed","Label":"Seed","Category":"","Description":"","Attributes":0,"ValueType":"System.String"},"Value":"1477298183"}]},"Attachments":[],"Outcome":1,"ErrorMessage":null,"ErrorStackTrace":null,"DisplayName":"GetAllRevues_ShouldReturnNonEmptyArray","Messages":[],"ComputerName":"DESKTOP-0IPKJSK","Duration":"00:00:00.1341320","StartTime":"2024-04-26T12:00:00.8574174+00:00","EndTime":"2024-04-26T12:00:00.9915497+00:00","Properties":[{"Key":{"Id":"NUnit.Seed","Label":"Seed","Category":"","Description":"","Attributes":0,"ValueType":"System.String"},"Value":"1477298183"}]}],"TestRunStatistics":{"ExecutedTests":2,"Stats":{"Passed":2}},"ActiveTests":[{"Id":"48eba377-26af-f79d-ac92-f24fbef73d93","FullyQualifiedName":"RevueTestExam.RevueAPITests.EditRevie_WithCorrectData_ShouldSucceed","DisplayName":"EditRevie_WithCorrectData_ShouldSucceed","ExecutorUri":"executor://NUnit3TestExecutor","Source":"C:\\Users\\Леново\\Downloads\\Retake_Exam\\RevueTestExam\\RevueTestExam\\bin\\Debug\\net6.0\\fine-code-coverage\\build-output\\RevueTestExam.dll","CodeFilePath":null,"LineNumber":0,"Properties":[{"Key":{"Id":"NUnit.Seed","Label":"Seed","Category":"","Description":"","Attributes":0,"ValueType":"System.String"},"Value":"110233965"}]}]}}
TpTrace Verbose: 0 : 26220, 13, 2024/04/26, 15:00:01.190, 4532835426562, vstest.console.dll, TestRunRequest:SendTestRunStatsChange: Starting.
TpTrace Verbose: 0 : 26220, 13, 2024/04/26, 15:00:01.190, 4532835428025, vstest.console.dll, InProgress is EditRevie_WithCorrectData_ShouldSucceed
TpTrace Verbose: 0 : 26220, 13, 2024/04/26, 15:00:01.190, 4532835429540, vstest.console.dll, MulticastDelegateUtilities.SafeInvoke: TestRun.RunStatsChanged: Invoking callbacks was skipped because there are no subscribers.
TpTrace Information: 0 : 26220, 13, 2024/04/26, 15:00:01.190, 4532835430024, vstest.console.dll, TestRunRequest:SendTestRunStatsChange: Completed.
TpTrace Verbose: 0 : 26220, 13, 2024/04/26, 15:00:01.190, 4532835430440, vstest.console.dll, MulticastDelegateUtilities.SafeInvoke: LengthPrefixCommunicationChannel: MessageReceived: Invoking callback 1/1 for Microsoft.VisualStudio.TestPlatform.CommunicationUtilities.TestRequestSender+<>c__DisplayClass34_0., took 26 ms.
TpTrace Verbose: 0 : 26220, 13, 2024/04/26, 15:00:01.190, 4532835430822, vstest.console.dll, TcpClientExtensions.MessageLoopAsync: Polling on remoteEndPoint: 127.0.0.1:55212 localEndPoint: 127.0.0.1:55211
TpTrace Verbose: 0 : 26220, 4, 2024/04/26, 15:00:01.192, 4532835446165, vstest.console.dll, MulticastDelegateUtilities.SafeInvoke: InternalTestLoggerEvents.SendTestResult: Invoking callback 1/1 for Microsoft.VisualStudio.TestPlatform.CommandLine.Internal.ConsoleLogger., took 1 ms.
TpTrace Verbose: 0 : 26220, 4, 2024/04/26, 15:00:01.192, 4532835449040, vstest.console.dll, MulticastDelegateUtilities.SafeInvoke: InternalTestLoggerEvents.SendTestResult: Invoking callback 1/1 for Microsoft.VisualStudio.TestPlatform.CommandLine.Internal.ConsoleLogger., took 0 ms.
TpTrace Verbose: 0 : 26220, 13, 2024/04/26, 15:00:01.620, 4532839730358, vstest.console.dll, TcpClientExtensions.MessageLoopAsync: NotifyDataAvailable remoteEndPoint: 127.0.0.1:55212 localEndPoint: 127.0.0.1:55211
TpTrace Verbose: 0 : 26220, 13, 2024/04/26, 15:00:01.620, 4532839732990, vstest.console.dll, TestRequestSender.OnExecutionMessageReceived: Received message: {"Version":7,"MessageType":"TestSession.Message","Payload":{"MessageLevel":0,"Message":"NUnit Adapter 4.4.0.0: Test execution complete"}}
TpTrace Verbose: 0 : 26220, 13, 2024/04/26, 15:00:01.621, 4532839735562, vstest.console.dll, TestRunRequest:SendTestRunMessage: Starting.
TpTrace Verbose: 0 : 26220, 13, 2024/04/26, 15:00:01.621, 4532839736547, vstest.console.dll, MulticastDelegateUtilities.SafeInvoke: TestRun.LogMessages: Invoking callback 1/1 for Microsoft.VisualStudio.TestPlatform.CommandLine.TestRunResultAggregator., took 0 ms.
TpTrace Verbose: 0 : 26220, 4, 2024/04/26, 15:00:01.621, 4532839737397, vstest.console.dll, MulticastDelegateUtilities.SafeInvoke: InternalTestLoggerEvents.SendTestRunMessage: Invoking callback 1/1 for Microsoft.VisualStudio.TestPlatform.CommandLine.Internal.ConsoleLogger., took 0 ms.
TpTrace Information: 0 : 26220, 13, 2024/04/26, 15:00:01.621, 4532839737421, vstest.console.dll, TestRunRequest:SendTestRunMessage: Completed.
TpTrace Verbose: 0 : 26220, 13, 2024/04/26, 15:00:01.621, 4532839739225, vstest.console.dll, MulticastDelegateUtilities.SafeInvoke: LengthPrefixCommunicationChannel: MessageReceived: Invoking callback 1/1 for Microsoft.VisualStudio.TestPlatform.CommunicationUtilities.TestRequestSender+<>c__DisplayClass34_0., took 0 ms.
TpTrace Verbose: 0 : 26220, 13, 2024/04/26, 15:00:01.621, 4532839740038, vstest.console.dll, TcpClientExtensions.MessageLoopAsync: Polling on remoteEndPoint: 127.0.0.1:55212 localEndPoint: 127.0.0.1:55211
TpTrace Verbose: 0 : 26220, 13, 2024/04/26, 15:00:01.643, 4532839955756, vstest.console.dll, TcpClientExtensions.MessageLoopAsync: NotifyDataAvailable remoteEndPoint: 127.0.0.1:55212 localEndPoint: 127.0.0.1:55211
TpTrace Verbose: 0 : 26220, 13, 2024/04/26, 15:00:01.643, 4532839958971, vstest.console.dll, TestRequestSender.OnExecutionMessageReceived: Received message: {"Version":7,"MessageType":"TestExecution.Completed","Payload":{"TestRunCompleteArgs":{"TestRunStatistics":{"ExecutedTests":7,"Stats":{"Passed":3,"Failed":4}},"IsCanceled":false,"IsAborted":false,"Error":null,"AttachmentSets":[],"InvokedDataCollectors":[],"ElapsedTimeInRunningTests":"00:00:01.9514160","Metrics":{},"DiscoveredExtensions":{"TestDiscoverers":["NUnit.VisualStudio.TestAdapter.NUnit3TestDiscoverer, NUnit3.TestAdapter, Version=4.4.0.0, Culture=neutral, PublicKeyToken=4cb40d35494691ac"],"TestExecutors":["executor://NUnit3TestExecutor"],"TestExecutors2":[],"TestSettingsProviders":[]}},"LastRunTests":{"NewTestResults":[{"TestCase":{"Id":"48eba377-26af-f79d-ac92-f24fbef73d93","FullyQualifiedName":"RevueTestExam.RevueAPITests.EditRevie_WithCorrectData_ShouldSucceed","DisplayName":"EditRevie_WithCorrectData_ShouldSucceed","ExecutorUri":"executor://NUnit3TestExecutor","Source":"C:\\Users\\Леново\\Downloads\\Retake_Exam\\RevueTestExam\\RevueTestExam\\bin\\Debug\\net6.0\\fine-code-coverage\\build-output\\RevueTestExam.dll","CodeFilePath":null,"LineNumber":0,"Properties":[{"Key":{"Id":"NUnit.Seed","Label":"Seed","Category":"","Description":"","Attributes":0,"ValueType":"System.String"},"Value":"110233965"}]},"Attachments":[],"Outcome":2,"ErrorMessage":"  Expected: OK\r\n  But was:  BadRequest\r\n","ErrorStackTrace":"   at RevueTestExam.RevueAPITests.EditRevie_WithCorrectData_ShouldSucceed() in C:\\Users\\Леново\\Downloads\\Retake_Exam\\RevueTestExam\\RevueTestExam\\RevueAPITests.cs:line 111\r\n\n1)    at RevueTestExam.RevueAPITests.EditRevie_WithCorrectData_ShouldSucceed() in C:\\Users\\Леново\\Downloads\\Retake_Exam\\RevueTestExam\\RevueTestExam\\RevueAPITests.cs:line 111\r\n\n","DisplayName":"EditRevie_WithCorrectData_ShouldSucceed","Messages":[],"ComputerName":"DESKTOP-0IPKJSK","Duration":"00:00:00.1608580","StartTime":"2024-04-26T12:00:00.9916354+00:00","EndTime":"2024-04-26T12:00:01.1524934+00:00","Properties":[{"Key":{"Id":"NUnit.Seed","Label":"Seed","Category":"","Description":"","Attributes":0,"ValueType":"System.String"},"Value":"110233965"}]},{"TestCase":{"Id":"247391dd-bc83-e655-0b7b-bd0d8e21951e","FullyQualifiedName":"RevueTestExam.RevueAPITests.DeleteRevue_ShouldSucceed","DisplayName":"DeleteRevue_ShouldSucceed","ExecutorUri":"executor://NUnit3TestExecutor","Source":"C:\\Users\\Леново\\Downloads\\Retake_Exam\\RevueTestExam\\RevueTestExam\\bin\\Debug\\net6.0\\fine-code-coverage\\build-output\\RevueTestExam.dll","CodeFilePath":null,"LineNumber":0,"Properties":[{"Key":{"Id":"NUnit.Seed","Label":"Seed","Category":"","Description":"","Attributes":0,"ValueType":"System.String"},"Value":"600853558"}]},"Attachments":[],"Outcome":2,"ErrorMessage":"  Expected: OK\r\n  But was:  BadRequest\r\n","ErrorStackTrace":"   at RevueTestExam.RevueAPITests.DeleteRevue_ShouldSucceed() in C:\\Users\\Леново\\Downloads\\Retake_Exam\\RevueTestExam\\RevueTestExam\\RevueAPITests.cs:line 126\r\n\n1)    at RevueTestExam.RevueAPITests.DeleteRevue_ShouldSucceed() in C:\\Users\\Леново\\Downloads\\Retake_Exam\\RevueTestExam\\RevueTestExam\\RevueAPITests.cs:line 126\r\n\n","DisplayName":"DeleteRevue_ShouldSucceed","Messages":[],"ComputerName":"DESKTOP-0IPKJSK","Duration":"00:00:00.1150980","StartTime":"2024-04-26T12:00:01.1526585+00:00","EndTime":"2024-04-26T12:00:01.2677567+00:00","Properties":[{"Key":{"Id":"NUnit.Seed","Label":"Seed","Category":"","Description":"","Attributes":0,"ValueType":"System.String"},"Value":"600853558"}]},{"TestCase":{"Id":"977bfd47-e1a4-43c2-ff4b-67eb611c9e5f","FullyQualifiedName":"RevueTestExam.RevueAPITests.CreateNewRevue_WithoutCorrectData_ShouldFail","DisplayName":"CreateNewRevue_WithoutCorrectData_ShouldFail","ExecutorUri":"executor://NUnit3TestExecutor","Source":"C:\\Users\\Леново\\Downloads\\Retake_Exam\\RevueTestExam\\RevueTestExam\\bin\\Debug\\net6.0\\fine-code-coverage\\build-output\\RevueTestExam.dll","CodeFilePath":null,"LineNumber":0,"Properties":[{"Key":{"Id":"NUnit.Seed","Label":"Seed","Category":"","Description":"","Attributes":0,"ValueType":"System.String"},"Value":"1040298795"}]},"Attachments":[],"Outcome":1,"ErrorMessage":null,"ErrorStackTrace":null,"DisplayName":"CreateNewRevue_WithoutCorrectData_ShouldFail","Messages":[],"ComputerName":"DESKTOP-0IPKJSK","Duration":"00:00:00.1143990","StartTime":"2024-04-26T12:00:01.2678016+00:00","EndTime":"2024-04-26T12:00:01.3822003+00:00","Properties":[{"Key":{"Id":"NUnit.Seed","Label":"Seed","Category":"","Description":"","Attributes":0,"ValueType":"System.String"},"Value":"1040298795"}]},{"TestCase":{"Id":"5aeebcbd-2a24-d864-ca19-4bb3713a81f0","FullyQualifiedName":"RevueTestExam.RevueAPITests.EditNonExistingRevue_ShouldFail","DisplayName":"EditNonExistingRevue_ShouldFail","ExecutorUri":"executor://NUnit3TestExecutor","Source":"C:\\Users\\Леново\\Downloads\\Retake_Exam\\RevueTestExam\\RevueTestExam\\bin\\Debug\\net6.0\\fine-code-coverage\\build-output\\RevueTestExam.dll","CodeFilePath":null,"LineNumber":0,"Properties":[{"Key":{"Id":"NUnit.Seed","Label":"Seed","Category":"","Description":"","Attributes":0,"ValueType":"System.String"},"Value":"667621914"}]},"Attachments":[],"Outcome":2,"ErrorMessage":"System.Text.Json.JsonException : The input does not contain any JSON tokens. Expected the input to start with a valid JSON token, when isFinalBlock is true. Path: $ | LineNumber: 0 | BytePositionInLine: 0.\r\n  ----> System.Text.Json.JsonReaderException : The input does not contain any JSON tokens. Expected the input to start with a valid JSON token, when isFinalBlock is true. LineNumber: 0 | BytePositionInLine: 0.","ErrorStackTrace":"   at System.Text.Json.ThrowHelper.ReThrowWithPath(ReadStack& state, JsonReaderException ex)\r\n   at System.Text.Json.Serialization.JsonConverter`1.ReadCore(Utf8JsonReader& reader, JsonSerializerOptions options, ReadStack& state)\r\n   at System.Text.Json.JsonSerializer.ReadFromSpan[TValue](ReadOnlySpan`1 utf8Json, JsonTypeInfo jsonTypeInfo, Nullable`1 actualByteCount)\r\n   at System.Text.Json.JsonSerializer.ReadFromSpan[TValue](ReadOnlySpan`1 json, JsonTypeInfo jsonTypeInfo)\r\n   at System.Text.Json.JsonSerializer.Deserialize[TValue](String json, JsonSerializerOptions options)\r\n   at RevueTestExam.RevueAPITests.EditNonExistingRevue_ShouldFail() in C:\\Users\\Леново\\Downloads\\Retake_Exam\\RevueTestExam\\RevueTestExam\\RevueAPITests.cs:line 163\r\n--JsonReaderException\r\n   at System.Text.Json.ThrowHelper.ThrowJsonReaderException(Utf8JsonReader& json, ExceptionResource resource, Byte nextByte, ReadOnlySpan`1 bytes)\r\n   at System.Text.Json.Utf8JsonReader.Read()\r\n   at System.Text.Json.Serialization.JsonConverter`1.ReadCore(Utf8JsonReader& reader, JsonSerializerOptions options, ReadStack& state)\n","DisplayName":"EditNonExistingRevue_ShouldFail","Messages":[],"ComputerName":"DESKTOP-0IPKJSK","Duration":"00:00:00.1117500","StartTime":"2024-04-26T12:00:01.3823586+00:00","EndTime":"2024-04-26T12:00:01.4941088+00:00","Properties":[{"Key":{"Id":"NUnit.Seed","Label":"Seed","Category":"","Description":"","Attributes":0,"ValueType":"System.String"},"Value":"667621914"}]},{"TestCase":{"Id":"45606772-5580-91d4-45a1-79628f3d18fc","FullyQualifiedName":"RevueTestExam.RevueAPITests.DeleteNonExistingStory_ShouldFail","DisplayName":"DeleteNonExistingStory_ShouldFail","ExecutorUri":"executor://NUnit3TestExecutor","Source":"C:\\Users\\Леново\\Downloads\\Retake_Exam\\RevueTestExam\\RevueTestExam\\bin\\Debug\\net6.0\\fine-code-coverage\\build-output\\RevueTestExam.dll","CodeFilePath":null,"LineNumber":0,"Properties":[{"Key":{"Id":"NUnit.Seed","Label":"Seed","Category":"","Description":"","Attributes":0,"ValueType":"System.String"},"Value":"101845235"}]},"Attachments":[],"Outcome":2,"ErrorMessage":"System.Text.Json.JsonException : The input does not contain any JSON tokens. Expected the input to start with a valid JSON token, when isFinalBlock is true. Path: $ | LineNumber: 0 | BytePositionInLine: 0.\r\n  ----> System.Text.Json.JsonReaderException : The input does not contain any JSON tokens. Expected the input to start with a valid JSON token, when isFinalBlock is true. LineNumber: 0 | BytePositionInLine: 0.","ErrorStackTrace":"   at System.Text.Json.ThrowHelper.ReThrowWithPath(ReadStack& state, JsonReaderException ex)\r\n   at System.Text.Json.Serialization.JsonConverter`1.ReadCore(Utf8JsonReader& reader, JsonSerializerOptions options, ReadStack& state)\r\n   at System.Text.Json.JsonSerializer.ReadFromSpan[TValue](ReadOnlySpan`1 utf8Json, JsonTypeInfo jsonTypeInfo, Nullable`1 actualByteCount)\r\n   at System.Text.Json.JsonSerializer.ReadFromSpan[TValue](ReadOnlySpan`1 json, JsonTypeInfo jsonTypeInfo)\r\n   at System.Text.Json.JsonSerializer.Deserialize[TValue](String json, JsonSerializerOptions options)\r\n   at RevueTestExam.RevueAPITests.DeleteNonExistingStory_ShouldFail() in C:\\Users\\Леново\\Downloads\\Retake_Exam\\RevueTestExam\\RevueTestExam\\RevueAPITests.cs:line 176\r\n--JsonReaderException\r\n   at System.Text.Json.ThrowHelper.ThrowJsonReaderException(Utf8JsonReader& json, ExceptionResource resource, Byte nextByte, ReadOnlySpan`1 bytes)\r\n   at System.Text.Json.Utf8JsonReader.Read()\r\n   at System.Text.Json.Serialization.JsonConverter`1.ReadCore(Utf8JsonReader& reader, JsonSerializerOptions options, ReadStack& state)\n","DisplayName":"DeleteNonExistingStory_ShouldFail","Messages":[],"ComputerName":"DESKTOP-0IPKJSK","Duration":"00:00:00.1162470","StartTime":"2024-04-26T12:00:01.4941476+00:00","EndTime":"2024-04-26T12:00:01.6103944+00:00","Properties":[{"Key":{"Id":"NUnit.Seed","Label":"Seed","Category":"","Description":"","Attributes":0,"ValueType":"System.String"},"Value":"101845235"}]}],"TestRunStatistics":{"ExecutedTests":7,"Stats":{"Passed":3,"Failed":4}},"ActiveTests":[]},"RunAttachments":[],"ExecutorUris":["executor://nunit3testexecutor/"]}}
TpTrace Verbose: 0 : 26220, 13, 2024/04/26, 15:00:01.643, 4532839960743, vstest.console.dll, TestRequestSender.EndSession: Sending end session.
TpTrace Verbose: 0 : 26220, 13, 2024/04/26, 15:00:01.643, 4532839962567, vstest.console.dll, ProxyOperationManager.Close: waiting for test host to exit for 100 ms
TpTrace Verbose: 0 : 26220, 11, 2024/04/26, 15:00:01.668, 4532840212676, vstest.console.dll, TestHostManagerCallbacks.ctor: Experimental forwarding output is disabled.
TpTrace Warning: 0 : 26220, 11, 2024/04/26, 15:00:01.668, 4532840214172, vstest.console.dll, TestHostManagerCallbacks.ErrorReceivedCallback Test host standard error line: 
TpTrace Verbose: 0 : 26220, 11, 2024/04/26, 15:00:01.677, 4532840297621, vstest.console.dll, TestHostProvider.ExitCallBack: Host exited starting callback.
TpTrace Information: 0 : 26220, 11, 2024/04/26, 15:00:01.677, 4532840298909, vstest.console.dll, TestHostManagerCallbacks.ExitCallBack: Testhost processId: 20720 exited with exitcode: 0 error: ''
TpTrace Verbose: 0 : 26220, 11, 2024/04/26, 15:00:01.677, 4532840299357, vstest.console.dll, DotnetTestHostManager.OnHostExited: invoking OnHostExited callback
TpTrace Verbose: 0 : 26220, 11, 2024/04/26, 15:00:01.677, 4532840299888, vstest.console.dll, CrossPlatEngine.TestHostManagerHostExited: calling on client process exit callback.
TpTrace Information: 0 : 26220, 11, 2024/04/26, 15:00:01.677, 4532840300653, vstest.console.dll, TestRequestSender.OnClientProcessExit: Test host process exited. Standard error: 
TpTrace Information: 0 : 26220, 13, 2024/04/26, 15:00:01.677, 4532840301051, vstest.console.dll, SocketServer.Stop: Stop server endPoint: 127.0.0.1:55211
TpTrace Information: 0 : 26220, 13, 2024/04/26, 15:00:01.677, 4532840302057, vstest.console.dll, SocketServer.Stop: Cancellation requested. Stopping message loop.
TpTrace Information: 0 : 26220, 11, 2024/04/26, 15:00:01.677, 4532840301268, vstest.console.dll, SocketServer.Stop: Stop server endPoint: 127.0.0.1:55211
TpTrace Information: 0 : 26220, 11, 2024/04/26, 15:00:01.677, 4532840303381, vstest.console.dll, SocketServer.Stop: Cancellation requested. Stopping message loop.
TpTrace Information: 0 : 26220, 13, 2024/04/26, 15:00:01.677, 4532840303745, vstest.console.dll, Closing the connection
TpTrace Verbose: 0 : 26220, 11, 2024/04/26, 15:00:01.677, 4532840304246, vstest.console.dll, MulticastDelegateUtilities.SafeInvoke: HostProviderEvents.OnHostExited: Invoking callback 1/1 for Microsoft.VisualStudio.TestPlatform.CrossPlatEngine.Client.ProxyOperationManager., took 0 ms.
TpTrace Verbose: 0 : 26220, 13, 2024/04/26, 15:00:01.678, 4532840307150, vstest.console.dll, ProxyDataCollectionManager.InvokeDataCollectionServiceAction: Starting.
TpTrace Information: 0 : 26220, 13, 2024/04/26, 15:00:01.678, 4532840307697, vstest.console.dll, ProxyDataCollectionManager.AfterTestRunEnd: Get attachment set and invoked data collectors processId: 27748 port: 55208
TpTrace Verbose: 0 : 26220, 13, 2024/04/26, 15:00:01.678, 4532840308241, vstest.console.dll, DataCollectionRequestSender.SendAfterTestRunStartAndGetResult: Send AfterTestRunEnd message with isCancelled: False
TpTrace Verbose: 0 : 26220, 13, 2024/04/26, 15:00:01.685, 4532840378961, vstest.console.dll, DataCollectionRequestSender.SendAfterTestRunStartAndGetResult: Received message: (DataCollection.AfterTestRunEndResult) -> {"MessageType":"DataCollection.AfterTestRunEndResult","Payload":{"AttachmentSets":[],"InvokedDataCollectors":[{"Uri":"datacollector://Microsoft/TestPlatform/Extensions/Blame/v1","FriendlyName":"Blame","AssemblyQualifiedName":"Microsoft.TestPlatform.Extensions.BlameDataCollector.BlameCollector, Microsoft.TestPlatform.Extensions.BlameDataCollector, Version=15.0.0.0, Culture=neutral, PublicKeyToken=b03f5f7f11d50a3a","FilePath":"C:\\Program Files\\dotnet\\sdk\\8.0.101\\Extensions\\Microsoft.TestPlatform.Extensions.BlameDataCollector.dll","HasAttachmentProcessor":false}],"Metrics":{}}}
TpTrace Warning: 0 : 26220, 10, 2024/04/26, 15:00:01.690, 4532840427951, vstest.console.dll, DataCollectionLauncher.ErrorReceivedCallback datacollector standard error line: 
TpTrace Information: 0 : 26220, 13, 2024/04/26, 15:00:01.691, 4532840436784, vstest.console.dll, ProxyDataCollectionManager.InvokeDataCollectionServiceAction: Completed.
TpTrace Information: 0 : 26220, 10, 2024/04/26, 15:00:01.697, 4532840499323, vstest.console.dll, DataCollectionLauncher.ExitCallBack: Data collector exited with exitcode: 0 error: ''
TpTrace Verbose: 0 : 26220, 13, 2024/04/26, 15:00:01.725, 4532840779045, vstest.console.dll, TestRunRequest:SendTestRunStatsChange: Starting.
TpTrace Verbose: 0 : 26220, 13, 2024/04/26, 15:00:01.725, 4532840780368, vstest.console.dll, MulticastDelegateUtilities.SafeInvoke: TestRun.RunStatsChanged: Invoking callbacks was skipped because there are no subscribers.
TpTrace Information: 0 : 26220, 13, 2024/04/26, 15:00:01.725, 4532840780972, vstest.console.dll, TestRunRequest:SendTestRunStatsChange: Completed.
TpTrace Verbose: 0 : 26220, 13, 2024/04/26, 15:00:01.726, 4532840785081, vstest.console.dll, ParallelProxyExecutionManager: HandlePartialRunComplete: Total workloads = 1, Total started clients = 1 Total completed clients = 1, Run complete = True, Run canceled: False.
TpTrace Verbose: 0 : 26220, 13, 2024/04/26, 15:00:01.726, 4532840785826, vstest.console.dll, ParallelProxyExecutionManager: HandlePartialRunComplete: All runs completed stopping all managers.
TpTrace Verbose: 0 : 26220, 13, 2024/04/26, 15:00:01.726, 4532840786572, vstest.console.dll, ParallelOperationManager.StopAllManagers: Stopping all managers.
TpTrace Verbose: 0 : 26220, 13, 2024/04/26, 15:00:01.726, 4532840787099, vstest.console.dll, ParallelOperationManager.ClearSlots: Clearing all slots. Slots should accept more work: False
TpTrace Verbose: 0 : 26220, 13, 2024/04/26, 15:00:01.726, 4532840788062, vstest.console.dll, ParallelOperationManager.SetOccupiedSlotCount: Setting slot counts AvailableSlotCount = 1, OccupiedSlotCount = 0.
TpTrace Verbose: 0 : 26220, 13, 2024/04/26, 15:00:01.726, 4532840788651, vstest.console.dll, Occupied slots:

TpTrace Verbose: 0 : 26220, 4, 2024/04/26, 15:00:01.726, 4532840788040, vstest.console.dll, MulticastDelegateUtilities.SafeInvoke: InternalTestLoggerEvents.SendTestResult: Invoking callback 1/1 for Microsoft.VisualStudio.TestPlatform.CommandLine.Internal.ConsoleLogger., took 0 ms.
TpTrace Verbose: 0 : 26220, 4, 2024/04/26, 15:00:01.726, 4532840792520, vstest.console.dll, MulticastDelegateUtilities.SafeInvoke: InternalTestLoggerEvents.SendTestResult: Invoking callback 1/1 for Microsoft.VisualStudio.TestPlatform.CommandLine.Internal.ConsoleLogger., took 0 ms.
TpTrace Verbose: 0 : 26220, 4, 2024/04/26, 15:00:01.726, 4532840793721, vstest.console.dll, MulticastDelegateUtilities.SafeInvoke: InternalTestLoggerEvents.SendTestResult: Invoking callback 1/1 for Microsoft.VisualStudio.TestPlatform.CommandLine.Internal.ConsoleLogger., took 0 ms.
TpTrace Verbose: 0 : 26220, 4, 2024/04/26, 15:00:01.727, 4532840798154, vstest.console.dll, MulticastDelegateUtilities.SafeInvoke: InternalTestLoggerEvents.SendTestResult: Invoking callback 1/1 for Microsoft.VisualStudio.TestPlatform.CommandLine.Internal.ConsoleLogger., took 0 ms.
TpTrace Verbose: 0 : 26220, 4, 2024/04/26, 15:00:01.728, 4532840806205, vstest.console.dll, MulticastDelegateUtilities.SafeInvoke: InternalTestLoggerEvents.SendTestResult: Invoking callback 1/1 for Microsoft.VisualStudio.TestPlatform.CommandLine.Internal.ConsoleLogger., took 0 ms.
TpTrace Verbose: 0 : 26220, 4, 2024/04/26, 15:00:01.735, 4532840875619, vstest.console.dll, MulticastDelegateUtilities.SafeInvoke: InternalTestLoggerEvents.SendTestRunComplete: Invoking callback 1/2 for Microsoft.TestPlatform.Extensions.BlameDataCollector.BlameLogger., took 0 ms.
TpTrace Verbose: 0 : 26220, 4, 2024/04/26, 15:00:01.741, 4532840935577, vstest.console.dll, MulticastDelegateUtilities.SafeInvoke: InternalTestLoggerEvents.SendTestRunComplete: Invoking callback 2/2 for Microsoft.VisualStudio.TestPlatform.CommandLine.Internal.ConsoleLogger., took 5 ms.
TpTrace Verbose: 0 : 26220, 13, 2024/04/26, 15:00:01.741, 4532840941432, vstest.console.dll, TestRunRequest:TestRunComplete: Starting. IsAborted:False IsCanceled:False.
TpTrace Verbose: 0 : 26220, 13, 2024/04/26, 15:00:01.741, 4532840943345, vstest.console.dll, ParallelOperationManager.DoActionOnAllManagers: Calling an action on all managers.
TpTrace Verbose: 0 : 26220, 13, 2024/04/26, 15:00:01.742, 4532840950735, vstest.console.dll, TestLoggerManager.HandleTestRunComplete: Ignoring as the object is disposed.
TpTrace Verbose: 0 : 26220, 13, 2024/04/26, 15:00:01.742, 4532840952393, vstest.console.dll, MulticastDelegateUtilities.SafeInvoke: TestRun.TestRunComplete: Invoking callback 1/2 for Microsoft.VisualStudio.TestPlatform.CommandLine.TestRunResultAggregator., took 0 ms.
TpTrace Verbose: 0 : 26220, 13, 2024/04/26, 15:00:01.742, 4532840953325, vstest.console.dll, MulticastDelegateUtilities.SafeInvoke: TestRun.TestRunComplete: Invoking callback 2/2 for Microsoft.VisualStudio.TestPlatform.CommandLine.Processors.RunTestsArgumentExecutor+TestRunRequestEventsRegistrar., took 0 ms.
TpTrace Information: 0 : 26220, 13, 2024/04/26, 15:00:01.743, 4532840954610, vstest.console.dll, TestRunRequest:TestRunComplete: Completed.
TpTrace Verbose: 0 : 26220, 1, 2024/04/26, 15:00:01.743, 4532840954830, vstest.console.dll, TestRunRequest.Dispose: Starting.
TpTrace Verbose: 0 : 26220, 13, 2024/04/26, 15:00:01.743, 4532840955569, vstest.console.dll, TestRequestSender.SetOperationComplete: Setting operation complete.
TpTrace Information: 0 : 26220, 1, 2024/04/26, 15:00:01.743, 4532840955584, vstest.console.dll, TestRunRequest.Dispose: Completed.
TpTrace Information: 0 : 26220, 13, 2024/04/26, 15:00:01.743, 4532840957425, vstest.console.dll, SocketServer.Stop: Stop server endPoint: 127.0.0.1:55211
TpTrace Information: 0 : 26220, 1, 2024/04/26, 15:00:01.743, 4532840958300, vstest.console.dll, TestRequestManager.RunTests: run tests completed.
TpTrace Information: 0 : 26220, 13, 2024/04/26, 15:00:01.743, 4532840958656, vstest.console.dll, SocketServer.Stop: Cancellation requested. Stopping message loop.
TpTrace Information: 0 : 26220, 1, 2024/04/26, 15:00:01.743, 4532840959740, vstest.console.dll, RunTestsArgumentProcessor:Execute: Test run is completed.
TpTrace Verbose: 0 : 26220, 13, 2024/04/26, 15:00:01.743, 4532840959835, vstest.console.dll, MulticastDelegateUtilities.SafeInvoke: LengthPrefixCommunicationChannel: MessageReceived: Invoking callback 1/1 for Microsoft.VisualStudio.TestPlatform.CommunicationUtilities.TestRequestSender+<>c__DisplayClass34_0., took 100 ms.
TpTrace Information: 0 : 26220, 13, 2024/04/26, 15:00:01.743, 4532840960705, vstest.console.dll, SocketServer.PrivateStop: Stopping server endPoint: 127.0.0.1:55211 error: 
TpTrace Verbose: 0 : 26220, 1, 2024/04/26, 15:00:01.743, 4532840962988, vstest.console.dll, Executor.Execute: Exiting with exit code of 1
TpTrace Verbose: 0 : 26220, 13, 2024/04/26, 15:00:01.744, 4532840966478, vstest.console.dll, LengthPrefixCommunicationChannel.Dispose: Dispose reader and writer.
TpTrace Information: 0 : 26220, 13, 2024/04/26, 15:00:01.744, 4532840967741, vstest.console.dll, SocketServer.Stop: Raise disconnected event endPoint: 127.0.0.1:55211 error: 
TpTrace Verbose: 0 : 26220, 13, 2024/04/26, 15:00:01.744, 4532840968494, vstest.console.dll, TestRequestSender: OnTestRunAbort: Operation is already complete. Skip error message.
